[vcvars] Dropped 9 PATH entries with spaces+parens that break vcvars64.bat batch parsing:
[vcvars]   - F:\Program Files (x86)\VMware\VMware Workstation\bin
[vcvars]   - C:\Program Files (x86)\Common Files\Intel\Shared Libraries\redist\intel64\compiler
[vcvars]   - C:\Program Files (x86)\NVIDIA Corporation\PhysX\Common
[vcvars]   - C:\Program Files (x86)\Windows Kits\10\Windows Performance Toolkit
[vcvars]   - F:\Program Files (x86)\VMware\VMware Workstation\bin
[vcvars]   - C:\Program Files (x86)\Windows Kits\10\Windows Performance Toolkit
[vcvars]   - C:\Program Files (x86)\Microsoft SDKs\Windows\v10.0A\bin\NETFX 4.8 Tools\x64
[vcvars]   - C:\Program Files (x86)\Windows Kits\10\bin\10.0.26100.0\x64
[vcvars]   - C:\Program Files (x86)\Windows Kits\10\bin\x64
-- === Building libslic3r FROM SOURCE ===
-- === BuildLibslic3rFromSource: Compiling libslic3r from source ===
-- Found Boost: E:/ai/3D-Printer/deps/build/OrcaSlicer_dep/usr/local/lib/cmake/Boost-1.84.0/BoostConfig.cmake (found suitable version "1.84.0", minimum required is "1.84") found components: system filesystem thread log log_setup locale regex chrono atomic date_time iostreams program_options 
CMake Warning at E:/ai/3D-Printer/deps/build/OrcaSlicer_dep/usr/local/lib/cmake/CGAL/CGALConfig.cmake:92 (message):
  CGAL_DATA_DIR cannot be deduced, set the variable CGAL_DATA_DIR to set the
  default value of CGAL::data_file_path()
Call Stack (most recent call first):
  cmake/BuildLibslic3rFromSource.cmake:422 (find_package)
  CMakeLists.txt:49 (include)
System.Management.Automation.RemoteException
System.Management.Automation.RemoteException
-- Visual Leak Detector (VLD) is not found.
-- Using header-only CGAL
-- Targetting Ninja
-- Target build environment supports auto-linking
-- Using VC toolset 142.
-- Found Boost: E:/ai/3D-Printer/deps/build/OrcaSlicer_dep/usr/local/lib/cmake/Boost-1.84.0/BoostConfig.cmake (found suitable version "1.84.0", minimum required is "1.48")  
-- Boost include dirs: E:/ai/3D-Printer/deps/build/OrcaSlicer_dep/usr/local/include/boost-1_84
-- Boost libraries:    
-- === BuildDepsFromSource: Compiling deps from source ===
-- === BuildDepsFromSource: ALL deps configured ===
-- libslic3r: Precompiled header enabled (pchheader.hpp)
-- === libslic3r: Compiled from source ===
--     Source dir: E:/ai/3DPrinter_Qt6/third_party/OrcaSlicer/src/libslic3r
--     Generated headers: E:/ai/3DPrinter_Qt6/build/libslic3r_generated
CMake Warning at E:/Qt6.10/lib/cmake/Qt6/QtPublicCMakeVersionHelpers.cmake:42 (message):
  The minimum required CMake version to use Qt is: '3.22'.  You have
  explicitly chosen to require a lower minimum CMake version: '3.21'.  Using
  Qt with this CMake version is not officially supported.  Use at your own
  risk.
Call Stack (most recent call first):
  E:/Qt6.10/lib/cmake/Qt6/QtPublicCMakeVersionHelpers.cmake:91 (__qt_internal_warn_if_min_cmake_version_not_met)
  E:/Qt6.10/lib/cmake/Qt6/Qt6Config.cmake:43 (__qt_internal_require_suitable_cmake_version_for_using_qt)
  CMakeLists.txt:63 (find_package)
System.Management.Automation.RemoteException
System.Management.Automation.RemoteException
CMake Warning at E:/Qt6.10/lib/cmake/Qt6/QtPublicDependencyHelpers.cmake:335 (message):
  This project is using headers of the GuiPrivate module and will therefore
  be tied to this specific Qt module build version.  Running this project
  against other versions of the Qt modules may crash at any arbitrary point.
  This is not a bug, but a result of using Qt internals.  You have been
  warned!
System.Management.Automation.RemoteException
  You can disable this warning by setting QT_NO_PRIVATE_MODULE_WARNING to ON.
Call Stack (most recent call first):
  E:/Qt6.10/lib/cmake/Qt6GuiPrivate/Qt6GuiPrivateConfig.cmake:48 (_qt_internal_show_private_module_warning)
  E:/Qt6.10/lib/cmake/Qt6/Qt6Config.cmake:241 (find_package)
  CMakeLists.txt:63 (find_package)
System.Management.Automation.RemoteException
System.Management.Automation.RemoteException
src/qml_gui/Renderer/shaders/rhi_viewport.vert -> rhi_viewport.vert.qsb exposed as :/rhi_viewport/shaders/rhi_viewport.vert.qsb
src/qml_gui/Renderer/shaders/rhi_viewport.frag -> rhi_viewport.frag.qsb exposed as :/rhi_viewport/shaders/rhi_viewport.frag.qsb
src/qml_gui/Renderer/shaders/rhi_gizmo.vert -> rhi_gizmo.vert.qsb exposed as :/rhi_viewport/shaders/rhi_gizmo.vert.qsb
src/qml_gui/Renderer/shaders/rhi_gizmo.frag -> rhi_gizmo.frag.qsb exposed as :/rhi_viewport/shaders/rhi_gizmo.frag.qsb
-- Configuring done
-- Generating done
-- Build files have been written to: E:/ai/3DPrinter_Qt6/build
[1/269] Automatic MOC and UIC for target admesh_from_source
[2/269] Building CXX object CMakeFiles\admesh_from_source.dir\admesh_from_source_autogen\mocs_compilation.cpp.obj
[3/269] Automatic MOC and UIC for target mcut_from_source
[4/269] Automatic MOC and UIC for target semver_from_source
[5/269] Building CXX object CMakeFiles\mcut_from_source.dir\mcut_from_source_autogen\mocs_compilation.cpp.obj
[6/269] Building CXX object CMakeFiles\semver_from_source.dir\semver_from_source_autogen\mocs_compilation.cpp.obj
[7/269] Linking CXX static library admesh_from_source.lib
[8/269] Automatic MOC and UIC for target clipper_from_source
[9/269] Automatic MOC and UIC for target miniz_from_source
[10/269] Automatic MOC and UIC for target qoi_from_source
[11/269] Automatic MOC and UIC for target clipper2_from_source
[12/269] Automatic MOC and UIC for target glu_libtess_from_source
[13/269] Building CXX object CMakeFiles\clipper_from_source.dir\clipper_from_source_autogen\mocs_compilation.cpp.obj
[14/269] Building CXX object CMakeFiles\miniz_from_source.dir\miniz_from_source_autogen\mocs_compilation.cpp.obj
[15/269] Linking CXX static library semver_from_source.lib
[16/269] Building CXX object CMakeFiles\qoi_from_source.dir\qoi_from_source_autogen\mocs_compilation.cpp.obj
[17/269] Building CXX object CMakeFiles\clipper2_from_source.dir\clipper2_from_source_autogen\mocs_compilation.cpp.obj
[18/269] Building CXX object CMakeFiles\glu_libtess_from_source.dir\glu_libtess_from_source_autogen\mocs_compilation.cpp.obj
[19/269] Linking CXX static library clipper_from_source.lib
[20/269] Linking CXX static library miniz_from_source.lib
[21/269] Linking CXX static library mcut_from_source.lib
[22/269] Linking CXX static library qoi_from_source.lib
[23/269] Linking CXX static library glu_libtess_from_source.lib
priorityq-heap.c.obj : warning LNK4006: __gl_pqHeapNewPriorityQ вбдк priorityq.c.obj жаЖЈвхЃЛвбКіТдЕкЖўИіЖЈвх
priorityq-heap.c.obj : warning LNK4006: __gl_pqHeapDeletePriorityQ вбдк priorityq.c.obj жаЖЈвхЃЛвбКіТдЕкЖўИіЖЈвх
priorityq-heap.c.obj : warning LNK4006: __gl_pqHeapInit вбдк priorityq.c.obj жаЖЈвхЃЛвбКіТдЕкЖўИіЖЈвх
priorityq-heap.c.obj : warning LNK4006: __gl_pqHeapInsert вбдк priorityq.c.obj жаЖЈвхЃЛвбКіТдЕкЖўИіЖЈвх
priorityq-heap.c.obj : warning LNK4006: __gl_pqHeapExtractMin вбдк priorityq.c.obj жаЖЈвхЃЛвбКіТдЕкЖўИіЖЈвх
priorityq-heap.c.obj : warning LNK4006: __gl_pqHeapDelete вбдк priorityq.c.obj жаЖЈвхЃЛвбКіТдЕкЖўИіЖЈвх
[24/269] Linking CXX static library clipper2_from_source.lib
[25/269] Automatic MOC and UIC for target libslic3r_cgal_from_source
[26/269] Building CXX object CMakeFiles\libslic3r_cgal_from_source.dir\libslic3r_cgal_from_source_autogen\mocs_compilation.cpp.obj
[27/269] Building CXX object CMakeFiles\libslic3r_cgal_from_source.dir\third_party\OrcaSlicer\src\libslic3r\IntersectionPoints.cpp.obj
E:\vcpkg\installed\x64-windows\include\eigen3\Eigen\src/Core/MathFunctions.h(811): warning C4819: ИУЮФМўАќКЌВЛФмдкЕБЧАДњТывГ(936)жаБэЪОЕФзжЗћЁЃЧыНЋИУЮФМўБЃДцЮЊ Unicode ИёЪНвдЗРжЙЪ§ОнЖЊЪЇ
E:\vcpkg\installed\x64-windows\include\eigen3\Eigen\src/Core/arch/Default/Half.h(1): warning C4819: ИУЮФМўАќКЌВЛФмдкЕБЧАДњТывГ(936)жаБэЪОЕФзжЗћЁЃЧыНЋИУЮФМўБЃДцЮЊ Unicode ИёЪНвдЗРжЙЪ§ОнЖЊЪЇ
E:\vcpkg\installed\x64-windows\include\eigen3\Eigen\src/Core/arch/Default/BFloat16.h(1): warning C4819: ИУЮФМўАќКЌВЛФмдкЕБЧАДњТывГ(936)жаБэЪОЕФзжЗћЁЃЧыНЋИУЮФМўБЃДцЮЊ Unicode ИёЪНвдЗРжЙЪ§ОнЖЊЪЇ
E:\vcpkg\installed\x64-windows\include\eigen3\Eigen\src/Core/arch/Default/GenericPacketMathFunctions.h(1335): warning C4819: ИУЮФМўАќКЌВЛФмдкЕБЧАДњТывГ(936)жаБэЪОЕФзжЗћЁЃЧыНЋИУЮФМўБЃДцЮЊ Unicode ИёЪНвдЗРжЙЪ§ОнЖЊЪЇ
E:\vcpkg\installed\x64-windows\include\eigen3\Eigen\src/Core/arch/Default/GenericPacketMathFunctions.h(1941): warning C4819: ИУЮФМўАќКЌВЛФмдкЕБЧАДњТывГ(936)жаБэЪОЕФзжЗћЁЃЧыНЋИУЮФМўБЃДцЮЊ Unicode ИёЪНвдЗРжЙЪ§ОнЖЊЪЇ
E:\vcpkg\installed\x64-windows\include\eigen3\Eigen\src/Core/SkewSymmetricMatrix3.h(1): warning C4819: ИУЮФМўАќКЌВЛФмдкЕБЧАДњТывГ(936)жаБэЪОЕФзжЗћЁЃЧыНЋИУЮФМўБЃДцЮЊ Unicode ИёЪНвдЗРжЙЪ§ОнЖЊЪЇ
[28/269] Building CXX object CMakeFiles\libslic3r_cgal_from_source.dir\third_party\OrcaSlicer\src\libslic3r\Triangulation.cpp.obj
E:\vcpkg\installed\x64-windows\include\eigen3\Eigen\src/Core/MathFunctions.h(811): warning C4819: ИУЮФМўАќКЌВЛФмдкЕБЧАДњТывГ(936)жаБэЪОЕФзжЗћЁЃЧыНЋИУЮФМўБЃДцЮЊ Unicode ИёЪНвдЗРжЙЪ§ОнЖЊЪЇ
E:\vcpkg\installed\x64-windows\include\eigen3\Eigen\src/Core/arch/Default/Half.h(1): warning C4819: ИУЮФМўАќКЌВЛФмдкЕБЧАДњТывГ(936)жаБэЪОЕФзжЗћЁЃЧыНЋИУЮФМўБЃДцЮЊ Unicode ИёЪНвдЗРжЙЪ§ОнЖЊЪЇ
E:\vcpkg\installed\x64-windows\include\eigen3\Eigen\src/Core/arch/Default/BFloat16.h(1): warning C4819: ИУЮФМўАќКЌВЛФмдкЕБЧАДњТывГ(936)жаБэЪОЕФзжЗћЁЃЧыНЋИУЮФМўБЃДцЮЊ Unicode ИёЪНвдЗРжЙЪ§ОнЖЊЪЇ
E:\vcpkg\installed\x64-windows\include\eigen3\Eigen\src/Core/arch/Default/GenericPacketMathFunctions.h(1335): warning C4819: ИУЮФМўАќКЌВЛФмдкЕБЧАДњТывГ(936)жаБэЪОЕФзжЗћЁЃЧыНЋИУЮФМўБЃДцЮЊ Unicode ИёЪНвдЗРжЙЪ§ОнЖЊЪЇ
E:\vcpkg\installed\x64-windows\include\eigen3\Eigen\src/Core/arch/Default/GenericPacketMathFunctions.h(1941): warning C4819: ИУЮФМўАќКЌВЛФмдкЕБЧАДњТывГ(936)жаБэЪОЕФзжЗћЁЃЧыНЋИУЮФМўБЃДцЮЊ Unicode ИёЪНвдЗРжЙЪ§ОнЖЊЪЇ
E:\vcpkg\installed\x64-windows\include\eigen3\Eigen\src/Core/SkewSymmetricMatrix3.h(1): warning C4819: ИУЮФМўАќКЌВЛФмдкЕБЧАДњТывГ(936)жаБэЪОЕФзжЗћЁЃЧыНЋИУЮФМўБЃДцЮЊ Unicode ИёЪНвдЗРжЙЪ§ОнЖЊЪЇ
E:\ai\3D-Printer\deps\build\OrcaSlicer_dep\usr\local\include\boost-1_84\boost/random/mixmax.hpp(1): warning C4819: ИУЮФМўАќКЌВЛФмдкЕБЧАДњТывГ(936)жаБэЪОЕФзжЗћЁЃЧыНЋИУЮФМўБЃДцЮЊ Unicode ИёЪНвдЗРжЙЪ§ОнЖЊЪЇ
E:\ai\3D-Printer\deps\build\OrcaSlicer_dep\usr\local\include\boost-1_84\boost/random/detail/mixmax_skip_N17.ipp(1): warning C4819: ИУЮФМўАќКЌВЛФмдкЕБЧАДњТывГ(936)жаБэЪОЕФзжЗћЁЃЧыНЋИУЮФМўБЃДцЮЊ Unicode ИёЪНвдЗРжЙЪ§ОнЖЊЪЇ
[29/269] Automatic MOC and UIC for target owzx_app_core
[30/269] Building CXX object CMakeFiles\libslic3r_cgal_from_source.dir\third_party\OrcaSlicer\src\libslic3r\CutSurface.cpp.obj
E:\vcpkg\installed\x64-windows\include\eigen3\Eigen\src/Core/MathFunctions.h(811): warning C4819: ИУЮФМўАќКЌВЛФмдкЕБЧАДњТывГ(936)жаБэЪОЕФзжЗћЁЃЧыНЋИУЮФМўБЃДцЮЊ Unicode ИёЪНвдЗРжЙЪ§ОнЖЊЪЇ
E:\vcpkg\installed\x64-windows\include\eigen3\Eigen\src/Core/arch/Default/Half.h(1): warning C4819: ИУЮФМўАќКЌВЛФмдкЕБЧАДњТывГ(936)жаБэЪОЕФзжЗћЁЃЧыНЋИУЮФМўБЃДцЮЊ Unicode ИёЪНвдЗРжЙЪ§ОнЖЊЪЇ
E:\vcpkg\installed\x64-windows\include\eigen3\Eigen\src/Core/arch/Default/BFloat16.h(1): warning C4819: ИУЮФМўАќКЌВЛФмдкЕБЧАДњТывГ(936)жаБэЪОЕФзжЗћЁЃЧыНЋИУЮФМўБЃДцЮЊ Unicode ИёЪНвдЗРжЙЪ§ОнЖЊЪЇ
E:\vcpkg\installed\x64-windows\include\eigen3\Eigen\src/Core/arch/Default/GenericPacketMathFunctions.h(1335): warning C4819: ИУЮФМўАќКЌВЛФмдкЕБЧАДњТывГ(936)жаБэЪОЕФзжЗћЁЃЧыНЋИУЮФМўБЃДцЮЊ Unicode ИёЪНвдЗРжЙЪ§ОнЖЊЪЇ
E:\vcpkg\installed\x64-windows\include\eigen3\Eigen\src/Core/arch/Default/GenericPacketMathFunctions.h(1941): warning C4819: ИУЮФМўАќКЌВЛФмдкЕБЧАДњТывГ(936)жаБэЪОЕФзжЗћЁЃЧыНЋИУЮФМўБЃДцЮЊ Unicode ИёЪНвдЗРжЙЪ§ОнЖЊЪЇ
E:\vcpkg\installed\x64-windows\include\eigen3\Eigen\src/Core/SkewSymmetricMatrix3.h(1): warning C4819: ИУЮФМўАќКЌВЛФмдкЕБЧАДњТывГ(936)жаБэЪОЕФзжЗћЁЃЧыНЋИУЮФМўБЃДцЮЊ Unicode ИёЪНвдЗРжЙЪ§ОнЖЊЪЇ
E:\ai\3D-Printer\deps\build\OrcaSlicer_dep\usr\local\include\CGAL/boost/graph/Euler_operations.h(1): warning C4819: ИУЮФМўАќКЌВЛФмдкЕБЧАДњТывГ(936)жаБэЪОЕФзжЗћЁЃЧыНЋИУЮФМўБЃДцЮЊ Unicode ИёЪНвдЗРжЙЪ§ОнЖЊЪЇ
E:\ai\3D-Printer\deps\build\OrcaSlicer_dep\usr\local\include\CGAL/boost/graph/Euler_operations.h(1): warning C4819: ИУЮФМўАќКЌВЛФмдкЕБЧАДњТывГ(936)жаБэЪОЕФзжЗћЁЃЧыНЋИУЮФМўБЃДцЮЊ Unicode ИёЪНвдЗРжЙЪ§ОнЖЊЪЇ
E:\ai\3D-Printer\deps\build\OrcaSlicer_dep\usr\local\include\boost-1_84\boost/random/mixmax.hpp(1): warning C4819: ИУЮФМўАќКЌВЛФмдкЕБЧАДњТывГ(936)жаБэЪОЕФзжЗћЁЃЧыНЋИУЮФМўБЃДцЮЊ Unicode ИёЪНвдЗРжЙЪ§ОнЖЊЪЇ
E:\ai\3D-Printer\deps\build\OrcaSlicer_dep\usr\local\include\boost-1_84\boost/random/detail/mixmax_skip_N17.ipp(1): warning C4819: ИУЮФМўАќКЌВЛФмдкЕБЧАДњТывГ(936)жаБэЪОЕФзжЗћЁЃЧыНЋИУЮФМўБЃДцЮЊ Unicode ИёЪНвдЗРжЙЪ§ОнЖЊЪЇ
E:\vcpkg\installed\x64-windows\include\eigen3\Eigen\src/IterativeLinearSolvers/BiCGSTAB.h(1): warning C4819: ИУЮФМўАќКЌВЛФмдкЕБЧАДњТывГ(936)жаБэЪОЕФзжЗћЁЃЧыНЋИУЮФМўБЃДцЮЊ Unicode ИёЪНвдЗРжЙЪ§ОнЖЊЪЇ
C:\Program Files\Microsoft Visual Studio\18\Community\VC\Tools\MSVC\14.50.35717\include\utility(303): warning C4267: ЁАГѕЪМЛЏЁБ: ДгЁАsize_tЁБзЊЛЛЕНЁА_Ty1ЁБЃЌПЩФмЖЊЪЇЪ§Он
        with
        [
            _Ty1=uint32_t
        ]
C:\Program Files\Microsoft Visual Studio\18\Community\VC\Tools\MSVC\14.50.35717\include\utility(303): note: ФЃАхЪЕР§ЛЏЩЯЯТЮФ(зюдчЕФЪЕР§ЛЏЩЯЯТЮФ)ЮЊ
E:\ai\3DPrinter_Qt6\third_party\OrcaSlicer\src\libslic3r\CutSurface.cpp(2015): note: ВщПДЖде§дкБрвыЕФКЏЪ§ ФЃАх ЪЕР§ЛЏЁАstd::pair<uint32_t,uint32_t>::pair<size_t,size_t,0>(std::pair<size_t,size_t> &&) noexceptЁБЕФв§гУ
E:\ai\3DPrinter_Qt6\third_party\OrcaSlicer\src\libslic3r\CutSurface.cpp(2015): note: ЧыВЮдФ "priv::find_closest_point_pair" жаЖд "std::pair<uint32_t,uint32_t>::pair" ЕФЕквЛИів§гУ
C:\Program Files\Microsoft Visual Studio\18\Community\VC\Tools\MSVC\14.50.35717\include\utility(303): warning C4267: ЁАГѕЪМЛЏЁБ: ДгЁАsize_tЁБзЊЛЛЕНЁА_Ty2ЁБЃЌПЩФмЖЊЪЇЪ§Он
        with
        [
            _Ty2=uint32_t
        ]
C:\Program Files\Microsoft Visual Studio\18\Community\VC\Tools\MSVC\14.50.35717\include\xmemory(736): warning C4267: ЁАВЮЪ§ЁБ: ДгЁАsize_tЁБзЊЛЛЕНЁАconst intЁБЃЌПЩФмЖЊЪЇЪ§Он
C:\Program Files\Microsoft Visual Studio\18\Community\VC\Tools\MSVC\14.50.35717\include\xmemory(736): note: ФЃАхЪЕР§ЛЏЩЯЯТЮФ(зюдчЕФЪЕР§ЛЏЩЯЯТЮФ)ЮЊ
E:\ai\3DPrinter_Qt6\third_party\OrcaSlicer\src\libslic3r\CutSurface.cpp(659): note: ВщПДЖде§дкБрвыЕФКЏЪ§ ФЃАх ЪЕР§ЛЏЁАEigen::Matrix<int,3,1,2,3,1> &std::vector<stl_triangle_vertex_indices,std::allocator<stl_triangle_vertex_indices>>::emplace_back<size_t,size_t,size_t>(size_t &&,size_t &&,size_t &&)ЁБЕФв§гУ
E:\ai\3DPrinter_Qt6\third_party\OrcaSlicer\src\libslic3r\CutSurface.cpp(659): note: ЧыВЮдФ "Slic3r::cut2model" жаЖд "std::vector<stl_triangle_vertex_indices,std::allocator<stl_triangle_vertex_indices>>::emplace_back" ЕФЕквЛИів§гУ
C:\Program Files\Microsoft Visual Studio\18\Community\VC\Tools\MSVC\14.50.35717\include\vector(924): note: ВщПДЖде§дкБрвыЕФКЏЪ§ ФЃАх ЪЕР§ЛЏЁА_Ty &std::vector<_Ty,std::allocator<_Ty>>::_Emplace_one_at_back<unsigned __int64,unsigned __int64,unsigned __int64>(unsigned __int64 &&,unsigned __int64 &&,unsigned __int64 &&)ЁБЕФв§гУ
        with
        [
            _Ty=stl_triangle_vertex_indices
        ]
C:\Program Files\Microsoft Visual Studio\18\Community\VC\Tools\MSVC\14.50.35717\include\vector(845): note: ВщПДЖде§дкБрвыЕФКЏЪ§ ФЃАх ЪЕР§ЛЏЁА_Ty &std::vector<_Ty,std::allocator<_Ty>>::_Emplace_back_with_unused_capacity<unsigned __int64,unsigned __int64,unsigned __int64>(unsigned __int64 &&,unsigned __int64 &&,unsigned __int64 &&)ЁБЕФв§гУ
        with
        [
            _Ty=stl_triangle_vertex_indices
        ]
C:\Program Files\Microsoft Visual Studio\18\Community\VC\Tools\MSVC\14.50.35717\include\vector(863): note: ВщПДЖде§дкБрвыЕФКЏЪ§ ФЃАх ЪЕР§ЛЏЁАvoid std::_Default_allocator_traits<_Alloc>::construct<_Ty,unsigned __int64,unsigned __int64,unsigned __int64>(_Alloc &,_Objty *const ,unsigned __int64 &&,unsigned __int64 &&,unsigned __int64 &&)ЁБЕФв§гУ
        with
        [
            _Alloc=std::allocator<stl_triangle_vertex_indices>,
            _Ty=Eigen::Matrix<int,3,1,2,3,1>,
            _Objty=Eigen::Matrix<int,3,1,2,3,1>
        ]
C:\Program Files\Microsoft Visual Studio\18\Community\VC\Tools\MSVC\14.50.35717\include\xmemory(736): warning C4244: ЁАВЮЪ§ЁБ: ДгЁАconst doubleЁБзЊЛЛЕНЁАconst floatЁБЃЌПЩФмЖЊЪЇЪ§Он
C:\Program Files\Microsoft Visual Studio\18\Community\VC\Tools\MSVC\14.50.35717\include\xmemory(736): note: ФЃАхЪЕР§ЛЏЩЯЯТЮФ(зюдчЕФЪЕР§ЛЏЩЯЯТЮФ)ЮЊ
E:\ai\3DPrinter_Qt6\third_party\OrcaSlicer\src\libslic3r\CutSurface.cpp(3562): note: ВщПДЖде§дкБрвыЕФКЏЪ§ ФЃАх ЪЕР§ЛЏЁАEigen::Matrix<float,3,1,2,3,1> &std::vector<stl_vertex,std::allocator<stl_vertex>>::emplace_back<const double&,const double&,const double&>(const double &,const double &,const double &)ЁБЕФв§гУ
E:\ai\3DPrinter_Qt6\third_party\OrcaSlicer\src\libslic3r\CutSurface.cpp(3562): note: ЧыВЮдФ "priv::patch2cut" жаЖд "std::vector<stl_vertex,std::allocator<stl_vertex>>::emplace_back" ЕФЕквЛИів§гУ
C:\Program Files\Microsoft Visual Studio\18\Community\VC\Tools\MSVC\14.50.35717\include\vector(924): note: ВщПДЖде§дкБрвыЕФКЏЪ§ ФЃАх ЪЕР§ЛЏЁА_Ty &std::vector<_Ty,std::allocator<_Ty>>::_Emplace_one_at_back<const double&,const double&,const double&>(const double &,const double &,const double &)ЁБЕФв§гУ
        with
        [
            _Ty=stl_vertex
        ]
C:\Program Files\Microsoft Visual Studio\18\Community\VC\Tools\MSVC\14.50.35717\include\vector(845): note: ВщПДЖде§дкБрвыЕФКЏЪ§ ФЃАх ЪЕР§ЛЏЁА_Ty &std::vector<_Ty,std::allocator<_Ty>>::_Emplace_back_with_unused_capacity<const double&,const double&,const double&>(const double &,const double &,const double &)ЁБЕФв§гУ
        with
        [
            _Ty=stl_vertex
        ]
C:\Program Files\Microsoft Visual Studio\18\Community\VC\Tools\MSVC\14.50.35717\include\vector(863): note: ВщПДЖде§дкБрвыЕФКЏЪ§ ФЃАх ЪЕР§ЛЏЁАvoid std::_Default_allocator_traits<_Alloc>::construct<_Ty,const double&,const double&,const double&>(_Alloc &,_Objty *const ,const double &,const double &,const double &)ЁБЕФв§гУ
        with
        [
            _Alloc=std::allocator<stl_vertex>,
            _Ty=Eigen::Matrix<float,3,1,2,3,1>,
            _Objty=Eigen::Matrix<float,3,1,2,3,1>
        ]
[31/269] Linking CXX static library libslic3r_cgal_from_source.lib
[32/269] Automatic MOC and UIC for target libslic3r_from_source
[33/269] Building CXX object CMakeFiles\owzx_app_core.dir\src\core\rendering\MeshRaycaster.cpp.obj
[34/269] Building CXX object CMakeFiles\owzx_app_core.dir\src\core\rendering\SceneRaycaster.cpp.obj
[35/269] Building CXX object CMakeFiles\owzx_app_core.dir\src\core\rendering\MeasureEngine.cpp.obj
[36/269] Building CXX object CMakeFiles\owzx_app_core.dir\src\core\model\PartPlate.cpp.obj
[37/269] Building CXX object CMakeFiles\owzx_app_core.dir\src\core\viewmodels\PreviewViewModel.cpp.obj
[38/269] Building CXX object CMakeFiles\owzx_app_core.dir\src\core\services\PresetServiceMock.cpp.obj
[39/269] Building CXX object CMakeFiles\owzx_app_core.dir\src\core\services\CalibrationServiceMock.cpp.obj
[40/269] Building CXX object CMakeFiles\owzx_app_core.dir\src\core\model\PartPlateList.cpp.obj
C:\Program Files\Microsoft Visual Studio\18\Community\VC\Tools\MSVC\14.50.35717\include\numeric(33): warning C4267: ЁА=ЁБ: ДгЁАsize_tЁБзЊЛЛЕНЁА_TyЁБЃЌПЩФмЖЊЪЇЪ§Он
        with
        [
            _Ty=int
        ]
C:\Program Files\Microsoft Visual Studio\18\Community\VC\Tools\MSVC\14.50.35717\include\numeric(33): note: ФЃАхЪЕР§ЛЏЩЯЯТЮФ(зюдчЕФЪЕР§ЛЏЩЯЯТЮФ)ЮЊ
E:\ai\3DPrinter_Qt6\third_party\OrcaSlicer\src\libslic3r/ExtrusionEntity.hpp(432): note: ВщПДЖде§дкБрвыЕФКЏЪ§ ФЃАх ЪЕР§ЛЏЁА_Ty std::accumulate<std::_Vector_const_iterator<std::_Vector_val<std::_Simple_types<Slic3r::ExtrusionPath>>>,int,Slic3r::ExtrusionMultiPath::collect_points::<lambda_1>>(const _InIt,const _InIt,_Ty,_Fn)ЁБЕФв§гУ
        with
        [
            _Ty=int,
            _InIt=std::_Vector_const_iterator<std::_Vector_val<std::_Simple_types<Slic3r::ExtrusionPath>>>,
            _Fn=Slic3r::ExtrusionMultiPath::collect_points::<lambda_1>
        ]
[41/269] Building CXX object CMakeFiles\owzx_app_core.dir\src\core\services\UndoCommands.cpp.obj
C:\Program Files\Microsoft Visual Studio\18\Community\VC\Tools\MSVC\14.50.35717\include\numeric(33): warning C4267: ЁА=ЁБ: ДгЁАsize_tЁБзЊЛЛЕНЁА_TyЁБЃЌПЩФмЖЊЪЇЪ§Он
        with
        [
            _Ty=int
        ]
C:\Program Files\Microsoft Visual Studio\18\Community\VC\Tools\MSVC\14.50.35717\include\numeric(33): note: ФЃАхЪЕР§ЛЏЩЯЯТЮФ(зюдчЕФЪЕР§ЛЏЩЯЯТЮФ)ЮЊ
E:\ai\3DPrinter_Qt6\third_party\OrcaSlicer\src\libslic3r/ExtrusionEntity.hpp(432): note: ВщПДЖде§дкБрвыЕФКЏЪ§ ФЃАх ЪЕР§ЛЏЁА_Ty std::accumulate<std::_Vector_const_iterator<std::_Vector_val<std::_Simple_types<Slic3r::ExtrusionPath>>>,int,Slic3r::ExtrusionMultiPath::collect_points::<lambda_1>>(const _InIt,const _InIt,_Ty,_Fn)ЁБЕФв§гУ
        with
        [
            _Ty=int,
            _InIt=std::_Vector_const_iterator<std::_Vector_val<std::_Simple_types<Slic3r::ExtrusionPath>>>,
            _Fn=Slic3r::ExtrusionMultiPath::collect_points::<lambda_1>
        ]
[42/269] Building CXX object CMakeFiles\owzx_app_core.dir\src\core\viewmodels\EditorViewModel.cpp.obj
C:\Program Files\Microsoft Visual Studio\18\Community\VC\Tools\MSVC\14.50.35717\include\numeric(33): warning C4267: ЁА=ЁБ: ДгЁАsize_tЁБзЊЛЛЕНЁА_TyЁБЃЌПЩФмЖЊЪЇЪ§Он
        with
        [
            _Ty=int
        ]
C:\Program Files\Microsoft Visual Studio\18\Community\VC\Tools\MSVC\14.50.35717\include\numeric(33): note: ФЃАхЪЕР§ЛЏЩЯЯТЮФ(зюдчЕФЪЕР§ЛЏЩЯЯТЮФ)ЮЊ
E:\ai\3DPrinter_Qt6\third_party\OrcaSlicer\src\libslic3r/ExtrusionEntity.hpp(432): note: ВщПДЖде§дкБрвыЕФКЏЪ§ ФЃАх ЪЕР§ЛЏЁА_Ty std::accumulate<std::_Vector_const_iterator<std::_Vector_val<std::_Simple_types<Slic3r::ExtrusionPath>>>,int,Slic3r::ExtrusionMultiPath::collect_points::<lambda_1>>(const _InIt,const _InIt,_Ty,_Fn)ЁБЕФв§гУ
        with
        [
            _Ty=int,
            _InIt=std::_Vector_const_iterator<std::_Vector_val<std::_Simple_types<Slic3r::ExtrusionPath>>>,
            _Fn=Slic3r::ExtrusionMultiPath::collect_points::<lambda_1>
        ]
[43/269] Building CXX object CMakeFiles\owzx_app_core.dir\src\qml_gui\BackendContext.cpp.obj
C:\Program Files\Microsoft Visual Studio\18\Community\VC\Tools\MSVC\14.50.35717\include\numeric(33): warning C4267: ЁА=ЁБ: ДгЁАsize_tЁБзЊЛЛЕНЁА_TyЁБЃЌПЩФмЖЊЪЇЪ§Он
        with
        [
            _Ty=int
        ]
C:\Program Files\Microsoft Visual Studio\18\Community\VC\Tools\MSVC\14.50.35717\include\numeric(33): note: ФЃАхЪЕР§ЛЏЩЯЯТЮФ(зюдчЕФЪЕР§ЛЏЩЯЯТЮФ)ЮЊ
E:\ai\3DPrinter_Qt6\third_party\OrcaSlicer\src\libslic3r/ExtrusionEntity.hpp(432): note: ВщПДЖде§дкБрвыЕФКЏЪ§ ФЃАх ЪЕР§ЛЏЁА_Ty std::accumulate<std::_Vector_const_iterator<std::_Vector_val<std::_Simple_types<Slic3r::ExtrusionPath>>>,int,Slic3r::ExtrusionMultiPath::collect_points::<lambda_1>>(const _InIt,const _InIt,_Ty,_Fn)ЁБЕФв§гУ
        with
        [
            _Ty=int,
            _InIt=std::_Vector_const_iterator<std::_Vector_val<std::_Simple_types<Slic3r::ExtrusionPath>>>,
            _Fn=Slic3r::ExtrusionMultiPath::collect_points::<lambda_1>
        ]
[44/269] Building CXX object CMakeFiles\owzx_app_core.dir\src\core\viewmodels\ConfigViewModel.cpp.obj
C:\Program Files\Microsoft Visual Studio\18\Community\VC\Tools\MSVC\14.50.35717\include\numeric(33): warning C4267: ЁА=ЁБ: ДгЁАsize_tЁБзЊЛЛЕНЁА_TyЁБЃЌПЩФмЖЊЪЇЪ§Он
        with
        [
            _Ty=int
        ]
C:\Program Files\Microsoft Visual Studio\18\Community\VC\Tools\MSVC\14.50.35717\include\numeric(33): note: ФЃАхЪЕР§ЛЏЩЯЯТЮФ(зюдчЕФЪЕР§ЛЏЩЯЯТЮФ)ЮЊ
E:\ai\3DPrinter_Qt6\third_party\OrcaSlicer\src\libslic3r/ExtrusionEntity.hpp(432): note: ВщПДЖде§дкБрвыЕФКЏЪ§ ФЃАх ЪЕР§ЛЏЁА_Ty std::accumulate<std::_Vector_const_iterator<std::_Vector_val<std::_Simple_types<Slic3r::ExtrusionPath>>>,int,Slic3r::ExtrusionMultiPath::collect_points::<lambda_1>>(const _InIt,const _InIt,_Ty,_Fn)ЁБЕФв§гУ
        with
        [
            _Ty=int,
            _InIt=std::_Vector_const_iterator<std::_Vector_val<std::_Simple_types<Slic3r::ExtrusionPath>>>,
            _Fn=Slic3r::ExtrusionMultiPath::collect_points::<lambda_1>
        ]
[45/269] Building CXX object CMakeFiles\owzx_app_core.dir\src\core\services\SliceService.cpp.obj
E:\ai\3DPrinter_Qt6\src\core\services\SliceService.cpp(405): warning C4858: е§дкЗХЦњЗЕЛижЕ: Use QThreadPool::start(Callable&&) if you don't need the returned QFuture
E:\ai\3DPrinter_Qt6\src\core\services\SliceService.cpp(980): warning C4858: е§дкЗХЦњЗЕЛижЕ: Use QThreadPool::start(Callable&&) if you don't need the returned QFuture
C:\Program Files\Microsoft Visual Studio\18\Community\VC\Tools\MSVC\14.50.35717\include\numeric(33): warning C4267: ЁА=ЁБ: ДгЁАsize_tЁБзЊЛЛЕНЁА_TyЁБЃЌПЩФмЖЊЪЇЪ§Он
        with
        [
            _Ty=int
        ]
C:\Program Files\Microsoft Visual Studio\18\Community\VC\Tools\MSVC\14.50.35717\include\numeric(33): note: ФЃАхЪЕР§ЛЏЩЯЯТЮФ(зюдчЕФЪЕР§ЛЏЩЯЯТЮФ)ЮЊ
E:\ai\3DPrinter_Qt6\third_party\OrcaSlicer\src\libslic3r/ExtrusionEntity.hpp(432): note: ВщПДЖде§дкБрвыЕФКЏЪ§ ФЃАх ЪЕР§ЛЏЁА_Ty std::accumulate<std::_Vector_const_iterator<std::_Vector_val<std::_Simple_types<Slic3r::ExtrusionPath>>>,int,Slic3r::ExtrusionMultiPath::collect_points::<lambda_1>>(const _InIt,const _InIt,_Ty,_Fn)ЁБЕФв§гУ
        with
        [
            _Ty=int,
            _InIt=std::_Vector_const_iterator<std::_Vector_val<std::_Simple_types<Slic3r::ExtrusionPath>>>,
            _Fn=Slic3r::ExtrusionMultiPath::collect_points::<lambda_1>
        ]
[46/269] Building CXX object CMakeFiles\libslic3r_from_source.dir\cmake_pch.cxx.obj
E:\ai\3D-Printer\deps\build\OrcaSlicer_dep\usr\local\include\boost-1_84\boost/geometry/formulas/karney_inverse.hpp(1): warning C4819: ИУЮФМўАќКЌВЛФмдкЕБЧАДњТывГ(936)жаБэЪОЕФзжЗћЁЃЧыНЋИУЮФМўБЃДцЮЊ Unicode ИёЪНвдЗРжЙЪ§ОнЖЊЪЇ
E:\ai\3D-Printer\deps\build\OrcaSlicer_dep\usr\local\include\boost-1_84\boost/geometry/formulas/area_formulas.hpp(1): warning C4819: ИУЮФМўАќКЌВЛФмдкЕБЧАДњТывГ(936)жаБэЪОЕФзжЗћЁЃЧыНЋИУЮФМўБЃДцЮЊ Unicode ИёЪНвдЗРжЙЪ§ОнЖЊЪЇ
E:\ai\3D-Printer\deps\build\OrcaSlicer_dep\usr\local\include\boost-1_84\boost/geometry/formulas/vertex_latitude.hpp(1): warning C4819: ИУЮФМўАќКЌВЛФмдкЕБЧАДњТывГ(936)жаБэЪОЕФзжЗћЁЃЧыНЋИУЮФМўБЃДцЮЊ Unicode ИёЪНвдЗРжЙЪ§ОнЖЊЪЇ
E:\ai\3D-Printer\deps\build\OrcaSlicer_dep\usr\local\include\boost-1_84\boost/geometry/strategy/geographic/area.hpp(1): warning C4819: ИУЮФМўАќКЌВЛФмдкЕБЧАДњТывГ(936)жаБэЪОЕФзжЗћЁЃЧыНЋИУЮФМўБЃДцЮЊ Unicode ИёЪНвдЗРжЙЪ§ОнЖЊЪЇ
E:\vcpkg\installed\x64-windows\include\eigen3\Eigen\src/Core/MathFunctions.h(811): warning C4819: ИУЮФМўАќКЌВЛФмдкЕБЧАДњТывГ(936)жаБэЪОЕФзжЗћЁЃЧыНЋИУЮФМўБЃДцЮЊ Unicode ИёЪНвдЗРжЙЪ§ОнЖЊЪЇ
E:\vcpkg\installed\x64-windows\include\eigen3\Eigen\src/Core/arch/Default/Half.h(1): warning C4819: ИУЮФМўАќКЌВЛФмдкЕБЧАДњТывГ(936)жаБэЪОЕФзжЗћЁЃЧыНЋИУЮФМўБЃДцЮЊ Unicode ИёЪНвдЗРжЙЪ§ОнЖЊЪЇ
E:\vcpkg\installed\x64-windows\include\eigen3\Eigen\src/Core/arch/Default/BFloat16.h(1): warning C4819: ИУЮФМўАќКЌВЛФмдкЕБЧАДњТывГ(936)жаБэЪОЕФзжЗћЁЃЧыНЋИУЮФМўБЃДцЮЊ Unicode ИёЪНвдЗРжЙЪ§ОнЖЊЪЇ
E:\vcpkg\installed\x64-windows\include\eigen3\Eigen\src/Core/arch/Default/GenericPacketMathFunctions.h(1335): warning C4819: ИУЮФМўАќКЌВЛФмдкЕБЧАДњТывГ(936)жаБэЪОЕФзжЗћЁЃЧыНЋИУЮФМўБЃДцЮЊ Unicode ИёЪНвдЗРжЙЪ§ОнЖЊЪЇ
E:\vcpkg\installed\x64-windows\include\eigen3\Eigen\src/Core/arch/Default/GenericPacketMathFunctions.h(1941): warning C4819: ИУЮФМўАќКЌВЛФмдкЕБЧАДњТывГ(936)жаБэЪОЕФзжЗћЁЃЧыНЋИУЮФМўБЃДцЮЊ Unicode ИёЪНвдЗРжЙЪ§ОнЖЊЪЇ
E:\vcpkg\installed\x64-windows\include\eigen3\Eigen\src/Core/SkewSymmetricMatrix3.h(1): warning C4819: ИУЮФМўАќКЌВЛФмдкЕБЧАДњТывГ(936)жаБэЪОЕФзжЗћЁЃЧыНЋИУЮФМўБЃДцЮЊ Unicode ИёЪНвдЗРжЙЪ§ОнЖЊЪЇ
E:\ai\3DPrinter_Qt6\third_party\OrcaSlicer\src\libslic3r\Config.hpp(1966): warning C4819: ИУЮФМўАќКЌВЛФмдкЕБЧАДњТывГ(936)жаБэЪОЕФзжЗћЁЃЧыНЋИУЮФМўБЃДцЮЊ Unicode ИёЪНвдЗРжЙЪ§ОнЖЊЪЇ
[47/269] Building CXX object CMakeFiles\owzx_app_core.dir\src\qml_gui\Models\ConfigOptionModel.cpp.obj
[48/269] Building CXX object CMakeFiles\owzx_app_core.dir\owzx_app_core_autogen\mocs_compilation.cpp.obj
C:\Program Files\Microsoft Visual Studio\18\Community\VC\Tools\MSVC\14.50.35717\include\numeric(33): warning C4267: ЁА=ЁБ: ДгЁАsize_tЁБзЊЛЛЕНЁА_TyЁБЃЌПЩФмЖЊЪЇЪ§Он
        with
        [
            _Ty=int
        ]
C:\Program Files\Microsoft Visual Studio\18\Community\VC\Tools\MSVC\14.50.35717\include\numeric(33): note: ФЃАхЪЕР§ЛЏЩЯЯТЮФ(зюдчЕФЪЕР§ЛЏЩЯЯТЮФ)ЮЊ
E:\ai\3DPrinter_Qt6\third_party\OrcaSlicer\src\libslic3r/ExtrusionEntity.hpp(432): note: ВщПДЖде§дкБрвыЕФКЏЪ§ ФЃАх ЪЕР§ЛЏЁА_Ty std::accumulate<std::_Vector_const_iterator<std::_Vector_val<std::_Simple_types<Slic3r::ExtrusionPath>>>,int,Slic3r::ExtrusionMultiPath::collect_points::<lambda_1>>(const _InIt,const _InIt,_Ty,_Fn)ЁБЕФв§гУ
        with
        [
            _Ty=int,
            _InIt=std::_Vector_const_iterator<std::_Vector_val<std::_Simple_types<Slic3r::ExtrusionPath>>>,
            _Fn=Slic3r::ExtrusionMultiPath::collect_points::<lambda_1>
        ]
[49/269] Building CXX object CMakeFiles\libslic3r_from_source.dir\libslic3r_from_source_autogen\mocs_compilation.cpp.obj
[50/269] Building CXX object CMakeFiles\libslic3r_from_source.dir\third_party\OrcaSlicer\src\libslic3r\BlacklistedLibraryCheck.cpp.obj
[51/269] Building CXX object CMakeFiles\libslic3r_from_source.dir\third_party\OrcaSlicer\src\libslic3r\ArcFitter.cpp.obj
[52/269] Building CXX object CMakeFiles\libslic3r_from_source.dir\third_party\OrcaSlicer\src\libslic3r\Circle.cpp.obj
[53/269] Building CXX object CMakeFiles\libslic3r_from_source.dir\third_party\OrcaSlicer\src\libslic3r\Color.cpp.obj
[54/269] Building CXX object CMakeFiles\libslic3r_from_source.dir\third_party\OrcaSlicer\src\libslic3r\Clipper2Utils.cpp.obj
E:\ai\3DPrinter_Qt6\third_party\OrcaSlicer\src\libslic3r\Clipper2Utils.cpp(1): warning C4819: ИУЮФМўАќКЌВЛФмдкЕБЧАДњТывГ(936)жаБэЪОЕФзжЗћЁЃЧыНЋИУЮФМўБЃДцЮЊ Unicode ИёЪНвдЗРжЙЪ§ОнЖЊЪЇ
[55/269] Building CXX object CMakeFiles\libslic3r_from_source.dir\third_party\OrcaSlicer\src\libslic3r\BoundingBox.cpp.obj
[56/269] Building CXX object CMakeFiles\libslic3r_from_source.dir\third_party\OrcaSlicer\src\libslic3r\ClipperUtils.cpp.obj
C:\Program Files\Microsoft Visual Studio\18\Community\VC\Tools\MSVC\14.50.35717\include\numeric(33): warning C4267: ЁА=ЁБ: ДгЁАsize_tЁБзЊЛЛЕНЁА_TyЁБЃЌПЩФмЖЊЪЇЪ§Он
        with
        [
            _Ty=int
        ]
C:\Program Files\Microsoft Visual Studio\18\Community\VC\Tools\MSVC\14.50.35717\include\numeric(33): note: ФЃАхЪЕР§ЛЏЩЯЯТЮФ(зюдчЕФЪЕР§ЛЏЩЯЯТЮФ)ЮЊ
E:\ai\3DPrinter_Qt6\third_party\OrcaSlicer\src\libslic3r\ExtrusionEntity.hpp(432): note: ВщПДЖде§дкБрвыЕФКЏЪ§ ФЃАх ЪЕР§ЛЏЁА_Ty std::accumulate<std::_Vector_const_iterator<std::_Vector_val<std::_Simple_types<Slic3r::ExtrusionPath>>>,int,Slic3r::ExtrusionMultiPath::collect_points::<lambda_abff1419f1e7bad13c439e3f0139ec39>>(const _InIt,const _InIt,_Ty,_Fn)ЁБЕФв§гУ
        with
        [
            _Ty=int,
            _InIt=std::_Vector_const_iterator<std::_Vector_val<std::_Simple_types<Slic3r::ExtrusionPath>>>,
            _Fn=Slic3r::ExtrusionMultiPath::collect_points::<lambda_abff1419f1e7bad13c439e3f0139ec39>
        ]
[57/269] Building CXX object CMakeFiles\libslic3r_from_source.dir\third_party\OrcaSlicer\src\libslic3r\AABBMesh.cpp.obj
[58/269] Building CXX object CMakeFiles\libslic3r_from_source.dir\third_party\OrcaSlicer\src\libslic3r\ExPolygonsIndex.cpp.obj
[59/269] Building CXX object CMakeFiles\libslic3r_from_source.dir\third_party\OrcaSlicer\src\libslic3r\BridgeDetector.cpp.obj
[60/269] Building CXX object CMakeFiles\libslic3r_from_source.dir\third_party\OrcaSlicer\src\libslic3r\ExPolygon.cpp.obj
[61/269] Building CXX object CMakeFiles\libslic3r_from_source.dir\third_party\OrcaSlicer\src\libslic3r\EdgeGrid.cpp.obj
[62/269] Building CXX object CMakeFiles\libslic3r_from_source.dir\third_party\OrcaSlicer\src\libslic3r\ExtrusionEntityCollection.cpp.obj
C:\Program Files\Microsoft Visual Studio\18\Community\VC\Tools\MSVC\14.50.35717\include\numeric(33): warning C4267: ЁА=ЁБ: ДгЁАsize_tЁБзЊЛЛЕНЁА_TyЁБЃЌПЩФмЖЊЪЇЪ§Он
        with
        [
            _Ty=int
        ]
C:\Program Files\Microsoft Visual Studio\18\Community\VC\Tools\MSVC\14.50.35717\include\numeric(33): note: ФЃАхЪЕР§ЛЏЩЯЯТЮФ(зюдчЕФЪЕР§ЛЏЩЯЯТЮФ)ЮЊ
E:\ai\3DPrinter_Qt6\third_party\OrcaSlicer\src\libslic3r\ExtrusionEntity.hpp(432): note: ВщПДЖде§дкБрвыЕФКЏЪ§ ФЃАх ЪЕР§ЛЏЁА_Ty std::accumulate<std::_Vector_const_iterator<std::_Vector_val<std::_Simple_types<Slic3r::ExtrusionPath>>>,int,Slic3r::ExtrusionMultiPath::collect_points::<lambda_abff1419f1e7bad13c439e3f0139ec39>>(const _InIt,const _InIt,_Ty,_Fn)ЁБЕФв§гУ
        with
        [
            _Ty=int,
            _InIt=std::_Vector_const_iterator<std::_Vector_val<std::_Simple_types<Slic3r::ExtrusionPath>>>,
            _Fn=Slic3r::ExtrusionMultiPath::collect_points::<lambda_abff1419f1e7bad13c439e3f0139ec39>
        ]
[63/269] Building CXX object CMakeFiles\libslic3r_from_source.dir\third_party\OrcaSlicer\src\libslic3r\ExtrusionEntity.cpp.obj
C:\Program Files\Microsoft Visual Studio\18\Community\VC\Tools\MSVC\14.50.35717\include\numeric(33): warning C4267: ЁА=ЁБ: ДгЁАsize_tЁБзЊЛЛЕНЁА_TyЁБЃЌПЩФмЖЊЪЇЪ§Он
        with
        [
            _Ty=int
        ]
C:\Program Files\Microsoft Visual Studio\18\Community\VC\Tools\MSVC\14.50.35717\include\numeric(33): note: ФЃАхЪЕР§ЛЏЩЯЯТЮФ(зюдчЕФЪЕР§ЛЏЩЯЯТЮФ)ЮЊ
E:\ai\3DPrinter_Qt6\third_party\OrcaSlicer\src\libslic3r\ExtrusionEntity.hpp(432): note: ВщПДЖде§дкБрвыЕФКЏЪ§ ФЃАх ЪЕР§ЛЏЁА_Ty std::accumulate<std::_Vector_const_iterator<std::_Vector_val<std::_Simple_types<Slic3r::ExtrusionPath>>>,int,Slic3r::ExtrusionMultiPath::collect_points::<lambda_abff1419f1e7bad13c439e3f0139ec39>>(const _InIt,const _InIt,_Ty,_Fn)ЁБЕФв§гУ
        with
        [
            _Ty=int,
            _InIt=std::_Vector_const_iterator<std::_Vector_val<std::_Simple_types<Slic3r::ExtrusionPath>>>,
            _Fn=Slic3r::ExtrusionMultiPath::collect_points::<lambda_abff1419f1e7bad13c439e3f0139ec39>
        ]
[64/269] Building CXX object CMakeFiles\libslic3r_from_source.dir\third_party\OrcaSlicer\src\libslic3r\ExtrusionSimulator.cpp.obj
C:\Program Files\Microsoft Visual Studio\18\Community\VC\Tools\MSVC\14.50.35717\include\numeric(33): warning C4267: ЁА=ЁБ: ДгЁАsize_tЁБзЊЛЛЕНЁА_TyЁБЃЌПЩФмЖЊЪЇЪ§Он
        with
        [
            _Ty=int
        ]
C:\Program Files\Microsoft Visual Studio\18\Community\VC\Tools\MSVC\14.50.35717\include\numeric(33): note: ФЃАхЪЕР§ЛЏЩЯЯТЮФ(зюдчЕФЪЕР§ЛЏЩЯЯТЮФ)ЮЊ
E:\ai\3DPrinter_Qt6\third_party\OrcaSlicer\src\libslic3r\ExtrusionEntity.hpp(432): note: ВщПДЖде§дкБрвыЕФКЏЪ§ ФЃАх ЪЕР§ЛЏЁА_Ty std::accumulate<std::_Vector_const_iterator<std::_Vector_val<std::_Simple_types<Slic3r::ExtrusionPath>>>,int,Slic3r::ExtrusionMultiPath::collect_points::<lambda_abff1419f1e7bad13c439e3f0139ec39>>(const _InIt,const _InIt,_Ty,_Fn)ЁБЕФв§гУ
        with
        [
            _Ty=int,
            _InIt=std::_Vector_const_iterator<std::_Vector_val<std::_Simple_types<Slic3r::ExtrusionPath>>>,
            _Fn=Slic3r::ExtrusionMultiPath::collect_points::<lambda_abff1419f1e7bad13c439e3f0139ec39>
        ]
[65/269] Building CXX object CMakeFiles\libslic3r_from_source.dir\third_party\OrcaSlicer\src\libslic3r\ElephantFootCompensation.cpp.obj
C:\Program Files\Microsoft Visual Studio\18\Community\VC\Tools\MSVC\14.50.35717\include\numeric(33): warning C4267: ЁА=ЁБ: ДгЁАsize_tЁБзЊЛЛЕНЁА_TyЁБЃЌПЩФмЖЊЪЇЪ§Он
        with
        [
            _Ty=int
        ]
C:\Program Files\Microsoft Visual Studio\18\Community\VC\Tools\MSVC\14.50.35717\include\numeric(33): note: ФЃАхЪЕР§ЛЏЩЯЯТЮФ(зюдчЕФЪЕР§ЛЏЩЯЯТЮФ)ЮЊ
E:\ai\3DPrinter_Qt6\third_party\OrcaSlicer\src\libslic3r\ExtrusionEntity.hpp(432): note: ВщПДЖде§дкБрвыЕФКЏЪ§ ФЃАх ЪЕР§ЛЏЁА_Ty std::accumulate<std::_Vector_const_iterator<std::_Vector_val<std::_Simple_types<Slic3r::ExtrusionPath>>>,int,Slic3r::ExtrusionMultiPath::collect_points::<lambda_abff1419f1e7bad13c439e3f0139ec39>>(const _InIt,const _InIt,_Ty,_Fn)ЁБЕФв§гУ
        with
        [
            _Ty=int,
            _InIt=std::_Vector_const_iterator<std::_Vector_val<std::_Simple_types<Slic3r::ExtrusionPath>>>,
            _Fn=Slic3r::ExtrusionMultiPath::collect_points::<lambda_abff1419f1e7bad13c439e3f0139ec39>
        ]
C:\Program Files\Microsoft Visual Studio\18\Community\VC\Tools\MSVC\14.50.35717\include\utility(774): warning C4244: ЁА=ЁБ: ДгЁА_OtherЁБзЊЛЛЕНЁА_TyЁБЃЌПЩФмЖЊЪЇЪ§Он
        with
        [
            _Other=unsigned __int64
        ]
        and
        [
            _Ty=int
        ]
C:\Program Files\Microsoft Visual Studio\18\Community\VC\Tools\MSVC\14.50.35717\include\utility(774): note: ФЃАхЪЕР§ЛЏЩЯЯТЮФ(зюдчЕФЪЕР§ЛЏЩЯЯТЮФ)ЮЊ
E:\ai\3DPrinter_Qt6\third_party\OrcaSlicer\src\libslic3r\ElephantFootCompensation.cpp(482): note: ВщПДЖде§дкБрвыЕФКЏЪ§ ФЃАх ЪЕР§ЛЏЁА_Ty std::exchange<int,unsigned __int64>(_Ty &,_Other &&) noexceptЁБЕФв§гУ
        with
        [
            _Ty=int,
            _Other=unsigned __int64
        ]
[66/269] Building CXX object CMakeFiles\libslic3r_from_source.dir\third_party\OrcaSlicer\src\libslic3r\Emboss.cpp.obj
C:\Program Files\Microsoft Visual Studio\18\Community\VC\Tools\MSVC\14.50.35717\include\optional(82): warning C4244: ЁАГѕЪМЛЏЁБ: ДгЁА_TyЁБзЊЛЛЕНЁАfloatЁБЃЌПЩФмЖЊЪЇЪ§Он
        with
        [
            _Ty=double
        ]
C:\Program Files\Microsoft Visual Studio\18\Community\VC\Tools\MSVC\14.50.35717\include\optional(82): note: ФЃАхЪЕР§ЛЏЩЯЯТЮФ(зюдчЕФЪЕР§ЛЏЩЯЯТЮФ)ЮЊ
E:\ai\3DPrinter_Qt6\third_party\OrcaSlicer\src\libslic3r\Emboss.cpp(1694): note: ВщПДЖде§дкБрвыЕФКЏЪ§ ФЃАх ЪЕР§ЛЏЁАstd::optional<float>::optional<double,0>(_Ty2 &&) noexceptЁБЕФв§гУ
        with
        [
            _Ty2=double
        ]
E:\ai\3DPrinter_Qt6\third_party\OrcaSlicer\src\libslic3r\Emboss.cpp(1694): note: ЧыВЮдФ "Slic3r::Emboss::calc_up" жаЖд "std::optional<float>::optional" ЕФЕквЛИів§гУ
C:\Program Files\Microsoft Visual Studio\18\Community\VC\Tools\MSVC\14.50.35717\include\optional(272): note: ВщПДЖде§дкБрвыЕФКЏЪ§ ФЃАх ЪЕР§ЛЏЁАstd::_Optional_construct_base<_Ty>::_Optional_construct_base<double>(std::in_place_t,double &&)ЁБЕФв§гУ
        with
        [
            _Ty=float
        ]
E:\ai\3DPrinter_Qt6\third_party\OrcaSlicer\src\libslic3r\Emboss.cpp(2182): note: ВщПДЖде§дкБрвыЕФКЏЪ§ ФЃАх ЪЕР§ЛЏЁАstd::_Optional_destruct_base<_Ty,true>::_Optional_destruct_base<double>(std::in_place_t,double &&) noexceptЁБЕФв§гУ
        with
        [
            _Ty=float
        ]
[67/269] Building CXX object CMakeFiles\owzx_app_core.dir\src\core\services\ProjectServiceMock.cpp.obj
E:\ai\3DPrinter_Qt6\src\core\services\ProjectServiceMock.cpp(493): warning C4858: е§дкЗХЦњЗЕЛижЕ: Use QThreadPool::start(Callable&&) if you don't need the returned QFuture
E:\ai\3DPrinter_Qt6\src\core\services\ProjectServiceMock.cpp(5457): warning C4858: е§дкЗХЦњЗЕЛижЕ: Use QThreadPool::start(Callable&&) if you don't need the returned QFuture
C:\Program Files\Microsoft Visual Studio\18\Community\VC\Tools\MSVC\14.50.35717\include\numeric(33): warning C4267: ЁА=ЁБ: ДгЁАsize_tЁБзЊЛЛЕНЁА_TyЁБЃЌПЩФмЖЊЪЇЪ§Он
        with
        [
            _Ty=int
        ]
C:\Program Files\Microsoft Visual Studio\18\Community\VC\Tools\MSVC\14.50.35717\include\numeric(33): note: ФЃАхЪЕР§ЛЏЩЯЯТЮФ(зюдчЕФЪЕР§ЛЏЩЯЯТЮФ)ЮЊ
E:\ai\3DPrinter_Qt6\third_party\OrcaSlicer\src\libslic3r/ExtrusionEntity.hpp(432): note: ВщПДЖде§дкБрвыЕФКЏЪ§ ФЃАх ЪЕР§ЛЏЁА_Ty std::accumulate<std::_Vector_const_iterator<std::_Vector_val<std::_Simple_types<Slic3r::ExtrusionPath>>>,int,Slic3r::ExtrusionMultiPath::collect_points::<lambda_1>>(const _InIt,const _InIt,_Ty,_Fn)ЁБЕФв§гУ
        with
        [
            _Ty=int,
            _InIt=std::_Vector_const_iterator<std::_Vector_val<std::_Simple_types<Slic3r::ExtrusionPath>>>,
            _Fn=Slic3r::ExtrusionMultiPath::collect_points::<lambda_1>
        ]
[68/269] Building CXX object CMakeFiles\libslic3r_from_source.dir\third_party\OrcaSlicer\src\libslic3r\FlushVolPredictor.cpp.obj
[69/269] Building CXX object CMakeFiles\libslic3r_from_source.dir\third_party\OrcaSlicer\src\libslic3r\Extruder.cpp.obj
[70/269] Building CXX object CMakeFiles\libslic3r_from_source.dir\third_party\OrcaSlicer\src\libslic3r\FilamentGroup.cpp.obj
C:\Program Files\Microsoft Visual Studio\18\Community\VC\Tools\MSVC\14.50.35717\include\xutility(522): warning C4267: ЁАГѕЪМЛЏЁБ: ДгЁАsize_tЁБзЊЛЛЕНЁА_TyЁБЃЌПЩФмЖЊЪЇЪ§Он
        with
        [
            _Ty=int
        ]
C:\Program Files\Microsoft Visual Studio\18\Community\VC\Tools\MSVC\14.50.35717\include\xutility(522): note: ФЃАхЪЕР§ЛЏЩЯЯТЮФ(зюдчЕФЪЕР§ЛЏЩЯЯТЮФ)ЮЊ
E:\ai\3DPrinter_Qt6\third_party\OrcaSlicer\src\libslic3r\FilamentGroup.cpp(161): note: ВщПДЖде§дкБрвыЕФКЏЪ§ ФЃАх ЪЕР§ЛЏЁАint &std::vector<int,std::allocator<int>>::emplace_back<size_t&>(size_t &)ЁБЕФв§гУ
E:\ai\3DPrinter_Qt6\third_party\OrcaSlicer\src\libslic3r\FilamentGroup.cpp(161): note: ЧыВЮдФ "Slic3r::select_best_group_for_ams" жаЖд "std::vector<int,std::allocator<int>>::emplace_back" ЕФЕквЛИів§гУ
C:\Program Files\Microsoft Visual Studio\18\Community\VC\Tools\MSVC\14.50.35717\include\vector(924): note: ВщПДЖде§дкБрвыЕФКЏЪ§ ФЃАх ЪЕР§ЛЏЁА_Ty &std::vector<_Ty,std::allocator<_Ty>>::_Emplace_one_at_back<size_t&>(size_t &)ЁБЕФв§гУ
        with
        [
            _Ty=int
        ]
C:\Program Files\Microsoft Visual Studio\18\Community\VC\Tools\MSVC\14.50.35717\include\vector(845): note: ВщПДЖде§дкБрвыЕФКЏЪ§ ФЃАх ЪЕР§ЛЏЁА_Ty &std::vector<_Ty,std::allocator<_Ty>>::_Emplace_back_with_unused_capacity<size_t&>(size_t &)ЁБЕФв§гУ
        with
        [
            _Ty=int
        ]
C:\Program Files\Microsoft Visual Studio\18\Community\VC\Tools\MSVC\14.50.35717\include\vector(860): note: ВщПДЖде§дкБрвыЕФКЏЪ§ ФЃАх ЪЕР§ЛЏЁАvoid std::_Construct_in_place<int,size_t&>(_Ty &,size_t &) noexceptЁБЕФв§гУ
        with
        [
            _Ty=int
        ]
C:\Program Files\Microsoft Visual Studio\18\Community\VC\Tools\MSVC\14.50.35717\include\xmemory(736): warning C4267: ЁАГѕЪМЛЏЁБ: ДгЁАsize_tЁБзЊЛЛЕНЁА_ObjtyЁБЃЌПЩФмЖЊЪЇЪ§Он
        with
        [
            _Objty=int
        ]
C:\Program Files\Microsoft Visual Studio\18\Community\VC\Tools\MSVC\14.50.35717\include\xmemory(736): note: ФЃАхЪЕР§ЛЏЩЯЯТЮФ(зюдчЕФЪЕР§ЛЏЩЯЯТЮФ)ЮЊ
C:\Program Files\Microsoft Visual Studio\18\Community\VC\Tools\MSVC\14.50.35717\include\vector(848): note: ВщПДЖде§дкБрвыЕФКЏЪ§ ФЃАх ЪЕР§ЛЏЁАint *std::vector<int,std::allocator<int>>::_Emplace_reallocate<size_t&>(int *const ,size_t &)ЁБЕФв§гУ
C:\Program Files\Microsoft Visual Studio\18\Community\VC\Tools\MSVC\14.50.35717\include\vector(900): note: ВщПДЖде§дкБрвыЕФКЏЪ§ ФЃАх ЪЕР§ЛЏЁАvoid std::_Default_allocator_traits<_Alloc>::construct<_Ty,size_t&>(_Alloc &,_Objty *const ,size_t &)ЁБЕФв§гУ
        with
        [
            _Alloc=std::allocator<int>,
            _Ty=int,
            _Objty=int
        ]
C:\Program Files\Microsoft Visual Studio\18\Community\VC\Tools\MSVC\14.50.35717\include\utility(274): warning C4267: ЁАГѕЪМЛЏЁБ: ДгЁАsize_tЁБзЊЛЛЕНЁА_Ty1ЁБЃЌПЩФмЖЊЪЇЪ§Он
        with
        [
            _Ty1=const int
        ]
C:\Program Files\Microsoft Visual Studio\18\Community\VC\Tools\MSVC\14.50.35717\include\utility(274): note: ФЃАхЪЕР§ЛЏЩЯЯТЮФ(зюдчЕФЪЕР§ЛЏЩЯЯТЮФ)ЮЊ
E:\ai\3DPrinter_Qt6\third_party\OrcaSlicer\src\libslic3r\FilamentGroup.cpp(650): note: ВщПДЖде§дкБрвыЕФКЏЪ§ ФЃАх ЪЕР§ЛЏЁАstd::pair<std::_List_iterator<std::_List_val<std::_List_simple_types<_Ty>>>,bool> std::_Hash<std::_Umap_traits<_Kty,std::vector<int,std::allocator<int>>,std::_Uhash_compare<_Kty,_Hasher,_Keyeq>,_Alloc,false>>::emplace<size_t&,std::vector<int,std::allocator<int>>>(size_t &,std::vector<int,std::allocator<int>> &&)ЁБЕФв§гУ
        with
        [
            _Ty=std::pair<const int,std::vector<int,std::allocator<int>>>,
            _Kty=int,
            _Hasher=std::hash<int>,
            _Keyeq=std::equal_to<int>,
            _Alloc=std::allocator<std::pair<const int,std::vector<int,std::allocator<int>>>>
        ]
E:\ai\3DPrinter_Qt6\third_party\OrcaSlicer\src\libslic3r\FilamentGroup.cpp(650): note: ЧыВЮдФ "Slic3r::FilamentGroup::calc_filament_group_for_match::<lambda_25e5f3a9085781b1a2dba7dc28db193a>::operator ()" жаЖд "std::_Hash<std::_Umap_traits<_Kty,_Ty,std::_Uhash_compare<_Kty,_Hasher,_Keyeq>,_Alloc,false>>::emplace" ЕФЕквЛИів§гУ
        with
        [
            _Kty=int,
            _Ty=std::vector<int,std::allocator<int>>,
            _Hasher=std::hash<int>,
            _Keyeq=std::equal_to<int>,
            _Alloc=std::allocator<std::pair<const int,std::vector<int,std::allocator<int>>>>
        ]
C:\Program Files\Microsoft Visual Studio\18\Community\VC\Tools\MSVC\14.50.35717\include\xhash(626): note: ВщПДЖде§дкБрвыЕФКЏЪ§ ФЃАх ЪЕР§ЛЏЁАstd::_List_node_emplace_op2<std::allocator<std::_List_node<std::pair<const int,std::vector<int,std::allocator<int>>>,std::_Default_allocator_traits<_Alloc>::void_pointer>>>::_List_node_emplace_op2<size_t&,_Ty>(_Alnode &,size_t &,_Ty &&)ЁБЕФв§гУ
        with
        [
            _Alloc=std::allocator<std::pair<const int,std::vector<int,std::allocator<int>>>>,
            _Ty=std::vector<int,std::allocator<int>>,
            _Alnode=std::allocator<std::_List_node<std::pair<const int,std::vector<int,std::allocator<int>>>,std::_Default_allocator_traits<std::allocator<std::pair<const int,std::vector<int,std::allocator<int>>>>>::void_pointer>>
        ]
C:\Program Files\Microsoft Visual Studio\18\Community\VC\Tools\MSVC\14.50.35717\include\list(595): note: ВщПДЖде§дкБрвыЕФКЏЪ§ ФЃАх ЪЕР§ЛЏЁАvoid std::_Default_allocator_traits<_Alloc>::construct<_Ty,size_t&,std::vector<int,std::allocator<int>>>(_Alloc &,_Objty *const ,size_t &,std::vector<int,std::allocator<int>> &&)ЁБЕФв§гУ
        with
        [
            _Alloc=std::allocator<std::_List_node<std::pair<const int,std::vector<int,std::allocator<int>>>,std::_Default_allocator_traits<std::allocator<std::pair<const int,std::vector<int,std::allocator<int>>>>>::void_pointer>>,
            _Ty=std::pair<const int,std::vector<int,std::allocator<int>>>,
            _Objty=std::pair<const int,std::vector<int,std::allocator<int>>>
        ]
C:\Program Files\Microsoft Visual Studio\18\Community\VC\Tools\MSVC\14.50.35717\include\xmemory(736): note: ВщПДЖде§дкБрвыЕФКЏЪ§ ФЃАх ЪЕР§ЛЏЁАstd::pair<const int,std::vector<int,std::allocator<int>>>::pair<size_t&,_Ty,0>(_Other1,_Other2 &&) noexceptЁБЕФв§гУ
        with
        [
            _Ty=std::vector<int,std::allocator<int>>,
            _Other1=size_t &,
            _Other2=std::vector<int,std::allocator<int>>
        ]
[71/269] Building CXX object CMakeFiles\libslic3r_from_source.dir\third_party\OrcaSlicer\src\libslic3r\BuildVolume.cpp.obj
E:\ai\3DPrinter_Qt6\third_party\OrcaSlicer\src\libslic3r\GCode/GCodeProcessor.hpp(694): warning C4819: ИУЮФМўАќКЌВЛФмдкЕБЧАДњТывГ(936)жаБэЪОЕФзжЗћЁЃЧыНЋИУЮФМўБЃДцЮЊ Unicode ИёЪНвдЗРжЙЪ§ОнЖЊЪЇ
C:\Program Files\Microsoft Visual Studio\18\Community\VC\Tools\MSVC\14.50.35717\include\numeric(33): warning C4267: ЁА=ЁБ: ДгЁАsize_tЁБзЊЛЛЕНЁА_TyЁБЃЌПЩФмЖЊЪЇЪ§Он
        with
        [
            _Ty=int
        ]
C:\Program Files\Microsoft Visual Studio\18\Community\VC\Tools\MSVC\14.50.35717\include\numeric(33): note: ФЃАхЪЕР§ЛЏЩЯЯТЮФ(зюдчЕФЪЕР§ЛЏЩЯЯТЮФ)ЮЊ
E:\ai\3DPrinter_Qt6\third_party\OrcaSlicer\src\libslic3r/ExtrusionEntity.hpp(432): note: ВщПДЖде§дкБрвыЕФКЏЪ§ ФЃАх ЪЕР§ЛЏЁА_Ty std::accumulate<std::_Vector_const_iterator<std::_Vector_val<std::_Simple_types<Slic3r::ExtrusionPath>>>,int,Slic3r::ExtrusionMultiPath::collect_points::<lambda_abff1419f1e7bad13c439e3f0139ec39>>(const _InIt,const _InIt,_Ty,_Fn)ЁБЕФв§гУ
        with
        [
            _Ty=int,
            _InIt=std::_Vector_const_iterator<std::_Vector_val<std::_Simple_types<Slic3r::ExtrusionPath>>>,
            _Fn=Slic3r::ExtrusionMultiPath::collect_points::<lambda_abff1419f1e7bad13c439e3f0139ec39>
        ]
[72/269] Building CXX object CMakeFiles\libslic3r_from_source.dir\third_party\OrcaSlicer\src\libslic3r\AppConfig.cpp.obj
E:\ai\3DPrinter_Qt6\third_party\OrcaSlicer\src\libslic3r\Preset.hpp(1): warning C4819: ИУЮФМўАќКЌВЛФмдкЕБЧАДњТывГ(936)жаБэЪОЕФзжЗћЁЃЧыНЋИУЮФМўБЃДцЮЊ Unicode ИёЪНвдЗРжЙЪ§ОнЖЊЪЇ
E:\ai\3DPrinter_Qt6\third_party\OrcaSlicer\src\libslic3r\Preset.hpp(544): warning C4819: ИУЮФМўАќКЌВЛФмдкЕБЧАДњТывГ(936)жаБэЪОЕФзжЗћЁЃЧыНЋИУЮФМўБЃДцЮЊ Unicode ИёЪНвдЗРжЙЪ§ОнЖЊЪЇ
[73/269] Building CXX object CMakeFiles\libslic3r_from_source.dir\third_party\OrcaSlicer\src\libslic3r\FilamentGroupUtils.cpp.obj
C:\Program Files\Microsoft Visual Studio\18\Community\VC\Tools\MSVC\14.50.35717\include\xutility(522): warning C4267: ЁАГѕЪМЛЏЁБ: ДгЁАsize_tЁБзЊЛЛЕНЁА_TyЁБЃЌПЩФмЖЊЪЇЪ§Он
        with
        [
            _Ty=int
        ]
C:\Program Files\Microsoft Visual Studio\18\Community\VC\Tools\MSVC\14.50.35717\include\xutility(522): note: ФЃАхЪЕР§ЛЏЩЯЯТЮФ(зюдчЕФЪЕР§ЛЏЩЯЯТЮФ)ЮЊ
E:\ai\3DPrinter_Qt6\third_party\OrcaSlicer\src\libslic3r\FilamentGroupUtils.cpp(260): note: ВщПДЖде§дкБрвыЕФКЏЪ§ ФЃАх ЪЕР§ЛЏЁАint &std::vector<int,std::allocator<int>>::emplace_back<size_t&>(size_t &)ЁБЕФв§гУ
E:\ai\3DPrinter_Qt6\third_party\OrcaSlicer\src\libslic3r\FilamentGroupUtils.cpp(260): note: ЧыВЮдФ "Slic3r::FilamentGroupUtils::extract_unprintable_limit_indices" жаЖд "std::vector<int,std::allocator<int>>::emplace_back" ЕФЕквЛИів§гУ
C:\Program Files\Microsoft Visual Studio\18\Community\VC\Tools\MSVC\14.50.35717\include\vector(924): note: ВщПДЖде§дкБрвыЕФКЏЪ§ ФЃАх ЪЕР§ЛЏЁА_Ty &std::vector<_Ty,std::allocator<_Ty>>::_Emplace_one_at_back<size_t&>(size_t &)ЁБЕФв§гУ
        with
        [
            _Ty=int
        ]
C:\Program Files\Microsoft Visual Studio\18\Community\VC\Tools\MSVC\14.50.35717\include\vector(845): note: ВщПДЖде§дкБрвыЕФКЏЪ§ ФЃАх ЪЕР§ЛЏЁА_Ty &std::vector<_Ty,std::allocator<_Ty>>::_Emplace_back_with_unused_capacity<size_t&>(size_t &)ЁБЕФв§гУ
        with
        [
            _Ty=int
        ]
C:\Program Files\Microsoft Visual Studio\18\Community\VC\Tools\MSVC\14.50.35717\include\vector(860): note: ВщПДЖде§дкБрвыЕФКЏЪ§ ФЃАх ЪЕР§ЛЏЁАvoid std::_Construct_in_place<int,size_t&>(_Ty &,size_t &) noexceptЁБЕФв§гУ
        with
        [
            _Ty=int
        ]
C:\Program Files\Microsoft Visual Studio\18\Community\VC\Tools\MSVC\14.50.35717\include\xmemory(736): warning C4267: ЁАГѕЪМЛЏЁБ: ДгЁАsize_tЁБзЊЛЛЕНЁА_ObjtyЁБЃЌПЩФмЖЊЪЇЪ§Он
        with
        [
            _Objty=int
        ]
C:\Program Files\Microsoft Visual Studio\18\Community\VC\Tools\MSVC\14.50.35717\include\xmemory(736): note: ФЃАхЪЕР§ЛЏЩЯЯТЮФ(зюдчЕФЪЕР§ЛЏЩЯЯТЮФ)ЮЊ
C:\Program Files\Microsoft Visual Studio\18\Community\VC\Tools\MSVC\14.50.35717\include\vector(848): note: ВщПДЖде§дкБрвыЕФКЏЪ§ ФЃАх ЪЕР§ЛЏЁАint *std::vector<int,std::allocator<int>>::_Emplace_reallocate<size_t&>(int *const ,size_t &)ЁБЕФв§гУ
C:\Program Files\Microsoft Visual Studio\18\Community\VC\Tools\MSVC\14.50.35717\include\vector(900): note: ВщПДЖде§дкБрвыЕФКЏЪ§ ФЃАх ЪЕР§ЛЏЁАvoid std::_Default_allocator_traits<_Alloc>::construct<_Ty,size_t&>(_Alloc &,_Objty *const ,size_t &)ЁБЕФв§гУ
        with
        [
            _Alloc=std::allocator<int>,
            _Ty=int,
            _Objty=int
        ]
[74/269] Building CXX object CMakeFiles\libslic3r_from_source.dir\third_party\OrcaSlicer\src\libslic3r\FlushVolCalc.cpp.obj
[75/269] Building CXX object CMakeFiles\libslic3r_from_source.dir\third_party\OrcaSlicer\src\libslic3r\LocalesUtils.cpp.obj
E:\ai\3DPrinter_Qt6\third_party\OrcaSlicer\deps_src\fast_float/fast_float.h(1): warning C4819: ИУЮФМўАќКЌВЛФмдкЕБЧАДњТывГ(936)жаБэЪОЕФзжЗћЁЃЧыНЋИУЮФМўБЃДцЮЊ Unicode ИёЪНвдЗРжЙЪ§ОнЖЊЪЇ
[76/269] Building CXX object CMakeFiles\libslic3r_from_source.dir\third_party\OrcaSlicer\src\libslic3r\MaterialType.cpp.obj
[77/269] Building CXX object CMakeFiles\libslic3r_from_source.dir\third_party\OrcaSlicer\src\libslic3r\Line.cpp.obj
[78/269] Building CXX object CMakeFiles\libslic3r_from_source.dir\third_party\OrcaSlicer\src\libslic3r\ContourZ.cpp.obj
E:\ai\3DPrinter_Qt6\third_party\OrcaSlicer\src\libslic3r/GCode/GCodeProcessor.hpp(694): warning C4819: ИУЮФМўАќКЌВЛФмдкЕБЧАДњТывГ(936)жаБэЪОЕФзжЗћЁЃЧыНЋИУЮФМўБЃДцЮЊ Unicode ИёЪНвдЗРжЙЪ§ОнЖЊЪЇ
C:\Program Files\Microsoft Visual Studio\18\Community\VC\Tools\MSVC\14.50.35717\include\numeric(33): warning C4267: ЁА=ЁБ: ДгЁАsize_tЁБзЊЛЛЕНЁА_TyЁБЃЌПЩФмЖЊЪЇЪ§Он
        with
        [
            _Ty=int
        ]
C:\Program Files\Microsoft Visual Studio\18\Community\VC\Tools\MSVC\14.50.35717\include\numeric(33): note: ФЃАхЪЕР§ЛЏЩЯЯТЮФ(зюдчЕФЪЕР§ЛЏЩЯЯТЮФ)ЮЊ
E:\ai\3DPrinter_Qt6\third_party\OrcaSlicer\src\libslic3r\ExtrusionEntity.hpp(432): note: ВщПДЖде§дкБрвыЕФКЏЪ§ ФЃАх ЪЕР§ЛЏЁА_Ty std::accumulate<std::_Vector_const_iterator<std::_Vector_val<std::_Simple_types<Slic3r::ExtrusionPath>>>,int,Slic3r::ExtrusionMultiPath::collect_points::<lambda_abff1419f1e7bad13c439e3f0139ec39>>(const _InIt,const _InIt,_Ty,_Fn)ЁБЕФв§гУ
        with
        [
            _Ty=int,
            _InIt=std::_Vector_const_iterator<std::_Vector_val<std::_Simple_types<Slic3r::ExtrusionPath>>>,
            _Fn=Slic3r::ExtrusionMultiPath::collect_points::<lambda_abff1419f1e7bad13c439e3f0139ec39>
        ]
[79/269] Building CXX object CMakeFiles\libslic3r_from_source.dir\third_party\OrcaSlicer\src\libslic3r\Config.cpp.obj
E:\ai\3DPrinter_Qt6\third_party\OrcaSlicer\src\libslic3r\Preset.hpp(1): warning C4819: ИУЮФМўАќКЌВЛФмдкЕБЧАДњТывГ(936)жаБэЪОЕФзжЗћЁЃЧыНЋИУЮФМўБЃДцЮЊ Unicode ИёЪНвдЗРжЙЪ§ОнЖЊЪЇ
E:\ai\3DPrinter_Qt6\third_party\OrcaSlicer\src\libslic3r\Preset.hpp(544): warning C4819: ИУЮФМўАќКЌВЛФмдкЕБЧАДњТывГ(936)жаБэЪОЕФзжЗћЁЃЧыНЋИУЮФМўБЃДцЮЊ Unicode ИёЪНвдЗРжЙЪ§ОнЖЊЪЇ
[80/269] Building CXX object CMakeFiles\libslic3r_from_source.dir\third_party\OrcaSlicer\src\libslic3r\MinimumSpanningTree.cpp.obj
[81/269] Building CXX object CMakeFiles\libslic3r_from_source.dir\third_party\OrcaSlicer\src\libslic3r\Brim.cpp.obj
E:\ai\3DPrinter_Qt6\third_party\OrcaSlicer\src\libslic3r/GCode/GCodeProcessor.hpp(694): warning C4819: ИУЮФМўАќКЌВЛФмдкЕБЧАДњТывГ(936)жаБэЪОЕФзжЗћЁЃЧыНЋИУЮФМўБЃДцЮЊ Unicode ИёЪНвдЗРжЙЪ§ОнЖЊЪЇ
C:\Program Files\Microsoft Visual Studio\18\Community\VC\Tools\MSVC\14.50.35717\include\numeric(33): warning C4267: ЁА=ЁБ: ДгЁАsize_tЁБзЊЛЛЕНЁА_TyЁБЃЌПЩФмЖЊЪЇЪ§Он
        with
        [
            _Ty=int
        ]
C:\Program Files\Microsoft Visual Studio\18\Community\VC\Tools\MSVC\14.50.35717\include\numeric(33): note: ФЃАхЪЕР§ЛЏЩЯЯТЮФ(зюдчЕФЪЕР§ЛЏЩЯЯТЮФ)ЮЊ
E:\ai\3DPrinter_Qt6\third_party\OrcaSlicer\src\libslic3r\ExtrusionEntity.hpp(432): note: ВщПДЖде§дкБрвыЕФКЏЪ§ ФЃАх ЪЕР§ЛЏЁА_Ty std::accumulate<std::_Vector_const_iterator<std::_Vector_val<std::_Simple_types<Slic3r::ExtrusionPath>>>,int,Slic3r::ExtrusionMultiPath::collect_points::<lambda_abff1419f1e7bad13c439e3f0139ec39>>(const _InIt,const _InIt,_Ty,_Fn)ЁБЕФв§гУ
        with
        [
            _Ty=int,
            _InIt=std::_Vector_const_iterator<std::_Vector_val<std::_Simple_types<Slic3r::ExtrusionPath>>>,
            _Fn=Slic3r::ExtrusionMultiPath::collect_points::<lambda_abff1419f1e7bad13c439e3f0139ec39>
        ]
[82/269] Building CXX object CMakeFiles\libslic3r_from_source.dir\third_party\OrcaSlicer\src\libslic3r\CutUtils.cpp.obj
E:\ai\3DPrinter_Qt6\third_party\OrcaSlicer\src\libslic3r/GCode/GCodeProcessor.hpp(694): warning C4819: ИУЮФМўАќКЌВЛФмдкЕБЧАДњТывГ(936)жаБэЪОЕФзжЗћЁЃЧыНЋИУЮФМўБЃДцЮЊ Unicode ИёЪНвдЗРжЙЪ§ОнЖЊЪЇ
C:\Program Files\Microsoft Visual Studio\18\Community\VC\Tools\MSVC\14.50.35717\include\numeric(33): warning C4267: ЁА=ЁБ: ДгЁАsize_tЁБзЊЛЛЕНЁА_TyЁБЃЌПЩФмЖЊЪЇЪ§Он
        with
        [
            _Ty=int
        ]
C:\Program Files\Microsoft Visual Studio\18\Community\VC\Tools\MSVC\14.50.35717\include\numeric(33): note: ФЃАхЪЕР§ЛЏЩЯЯТЮФ(зюдчЕФЪЕР§ЛЏЩЯЯТЮФ)ЮЊ
E:\ai\3DPrinter_Qt6\third_party\OrcaSlicer\src\libslic3r/ExtrusionEntity.hpp(432): note: ВщПДЖде§дкБрвыЕФКЏЪ§ ФЃАх ЪЕР§ЛЏЁА_Ty std::accumulate<std::_Vector_const_iterator<std::_Vector_val<std::_Simple_types<Slic3r::ExtrusionPath>>>,int,Slic3r::ExtrusionMultiPath::collect_points::<lambda_abff1419f1e7bad13c439e3f0139ec39>>(const _InIt,const _InIt,_Ty,_Fn)ЁБЕФв§гУ
        with
        [
            _Ty=int,
            _InIt=std::_Vector_const_iterator<std::_Vector_val<std::_Simple_types<Slic3r::ExtrusionPath>>>,
            _Fn=Slic3r::ExtrusionMultiPath::collect_points::<lambda_abff1419f1e7bad13c439e3f0139ec39>
        ]
[83/269] Building CXX object CMakeFiles\libslic3r_from_source.dir\third_party\OrcaSlicer\src\libslic3r\GCodeReader.cpp.obj
E:\ai\3DPrinter_Qt6\third_party\OrcaSlicer\src\libslic3r\GCodeReader.cpp(1): warning C4819: ИУЮФМўАќКЌВЛФмдкЕБЧАДњТывГ(936)жаБэЪОЕФзжЗћЁЃЧыНЋИУЮФМўБЃДцЮЊ Unicode ИёЪНвдЗРжЙЪ§ОнЖЊЪЇ
E:\ai\3DPrinter_Qt6\third_party\OrcaSlicer\deps_src\fast_float/fast_float.h(1): warning C4819: ИУЮФМўАќКЌВЛФмдкЕБЧАДњТывГ(936)жаБэЪОЕФзжЗћЁЃЧыНЋИУЮФМўБЃДцЮЊ Unicode ИёЪНвдЗРжЙЪ§ОнЖЊЪЇ
[84/269] Building CXX object CMakeFiles\libslic3r_from_source.dir\third_party\OrcaSlicer\src\libslic3r\FaceDetector.cpp.obj
E:\ai\3DPrinter_Qt6\third_party\OrcaSlicer\src\libslic3r/GCode/GCodeProcessor.hpp(694): warning C4819: ИУЮФМўАќКЌВЛФмдкЕБЧАДњТывГ(936)жаБэЪОЕФзжЗћЁЃЧыНЋИУЮФМўБЃДцЮЊ Unicode ИёЪНвдЗРжЙЪ§ОнЖЊЪЇ
C:\Program Files\Microsoft Visual Studio\18\Community\VC\Tools\MSVC\14.50.35717\include\numeric(33): warning C4267: ЁА=ЁБ: ДгЁАsize_tЁБзЊЛЛЕНЁА_TyЁБЃЌПЩФмЖЊЪЇЪ§Он
        with
        [
            _Ty=int
        ]
C:\Program Files\Microsoft Visual Studio\18\Community\VC\Tools\MSVC\14.50.35717\include\numeric(33): note: ФЃАхЪЕР§ЛЏЩЯЯТЮФ(зюдчЕФЪЕР§ЛЏЩЯЯТЮФ)ЮЊ
E:\ai\3DPrinter_Qt6\third_party\OrcaSlicer\src\libslic3r/ExtrusionEntity.hpp(432): note: ВщПДЖде§дкБрвыЕФКЏЪ§ ФЃАх ЪЕР§ЛЏЁА_Ty std::accumulate<std::_Vector_const_iterator<std::_Vector_val<std::_Simple_types<Slic3r::ExtrusionPath>>>,int,Slic3r::ExtrusionMultiPath::collect_points::<lambda_abff1419f1e7bad13c439e3f0139ec39>>(const _InIt,const _InIt,_Ty,_Fn)ЁБЕФв§гУ
        with
        [
            _Ty=int,
            _InIt=std::_Vector_const_iterator<std::_Vector_val<std::_Simple_types<Slic3r::ExtrusionPath>>>,
            _Fn=Slic3r::ExtrusionMultiPath::collect_points::<lambda_abff1419f1e7bad13c439e3f0139ec39>
        ]
[85/269] Building CXX object CMakeFiles\libslic3r_from_source.dir\third_party\OrcaSlicer\src\libslic3r\MinAreaBoundingBox.cpp.obj
[86/269] Building CXX object CMakeFiles\libslic3r_from_source.dir\third_party\OrcaSlicer\src\libslic3r\MultiPoint.cpp.obj
[87/269] Building CXX object CMakeFiles\libslic3r_from_source.dir\third_party\OrcaSlicer\src\libslic3r\CustomGCode.cpp.obj
E:\ai\3DPrinter_Qt6\third_party\OrcaSlicer\src\libslic3r\GCode/GCodeProcessor.hpp(694): warning C4819: ИУЮФМўАќКЌВЛФмдкЕБЧАДњТывГ(936)жаБэЪОЕФзжЗћЁЃЧыНЋИУЮФМўБЃДцЮЊ Unicode ИёЪНвдЗРжЙЪ§ОнЖЊЪЇ
C:\Program Files\Microsoft Visual Studio\18\Community\VC\Tools\MSVC\14.50.35717\include\numeric(33): warning C4267: ЁА=ЁБ: ДгЁАsize_tЁБзЊЛЛЕНЁА_TyЁБЃЌПЩФмЖЊЪЇЪ§Он
        with
        [
            _Ty=int
        ]
C:\Program Files\Microsoft Visual Studio\18\Community\VC\Tools\MSVC\14.50.35717\include\numeric(33): note: ФЃАхЪЕР§ЛЏЩЯЯТЮФ(зюдчЕФЪЕР§ЛЏЩЯЯТЮФ)ЮЊ
E:\ai\3DPrinter_Qt6\third_party\OrcaSlicer\src\libslic3r\ExtrusionEntity.hpp(432): note: ВщПДЖде§дкБрвыЕФКЏЪ§ ФЃАх ЪЕР§ЛЏЁА_Ty std::accumulate<std::_Vector_const_iterator<std::_Vector_val<std::_Simple_types<Slic3r::ExtrusionPath>>>,int,Slic3r::ExtrusionMultiPath::collect_points::<lambda_abff1419f1e7bad13c439e3f0139ec39>>(const _InIt,const _InIt,_Ty,_Fn)ЁБЕФв§гУ
        with
        [
            _Ty=int,
            _InIt=std::_Vector_const_iterator<std::_Vector_val<std::_Simple_types<Slic3r::ExtrusionPath>>>,
            _Fn=Slic3r::ExtrusionMultiPath::collect_points::<lambda_abff1419f1e7bad13c439e3f0139ec39>
        ]
C:\Program Files\Microsoft Visual Studio\18\Community\VC\Tools\MSVC\14.50.35717\include\utility(274): warning C4244: ЁАГѕЪМЛЏЁБ: ДгЁА_TyЁБзЊЛЛЕНЁА_Ty2ЁБЃЌПЩФмЖЊЪЇЪ§Он
        with
        [
            _Ty=int
        ]
        and
        [
            _Ty2=float
        ]
C:\Program Files\Microsoft Visual Studio\18\Community\VC\Tools\MSVC\14.50.35717\include\utility(274): note: ФЃАхЪЕР§ЛЏЩЯЯТЮФ(зюдчЕФЪЕР§ЛЏЩЯЯТЮФ)ЮЊ
E:\ai\3DPrinter_Qt6\third_party\OrcaSlicer\src\libslic3r\GCode/ExtrusionProcessor.hpp(339): note: ВщПДЖде§дкБрвыЕФКЏЪ§ ФЃАх ЪЕР§ЛЏЁАstd::pair<float,float>::pair<float,int,0>(_Other1 &&,_Other2 &&) noexceptЁБЕФв§гУ
        with
        [
            _Other1=float,
            _Other2=int
        ]
E:\ai\3DPrinter_Qt6\third_party\OrcaSlicer\src\libslic3r\GCode/ExtrusionProcessor.hpp(339): note: ЧыВЮдФ "Slic3r::ExtrusionQualityEstimator::estimate_extrusion_quality" жаЖд "std::pair<float,float>::pair" ЕФЕквЛИів§гУ
[88/269] Building CXX object CMakeFiles\libslic3r_from_source.dir\third_party\OrcaSlicer\src\libslic3r\Flow.cpp.obj
E:\ai\3DPrinter_Qt6\third_party\OrcaSlicer\src\libslic3r/GCode/GCodeProcessor.hpp(694): warning C4819: ИУЮФМўАќКЌВЛФмдкЕБЧАДњТывГ(936)жаБэЪОЕФзжЗћЁЃЧыНЋИУЮФМўБЃДцЮЊ Unicode ИёЪНвдЗРжЙЪ§ОнЖЊЪЇ
C:\Program Files\Microsoft Visual Studio\18\Community\VC\Tools\MSVC\14.50.35717\include\numeric(33): warning C4267: ЁА=ЁБ: ДгЁАsize_tЁБзЊЛЛЕНЁА_TyЁБЃЌПЩФмЖЊЪЇЪ§Он
        with
        [
            _Ty=int
        ]
C:\Program Files\Microsoft Visual Studio\18\Community\VC\Tools\MSVC\14.50.35717\include\numeric(33): note: ФЃАхЪЕР§ЛЏЩЯЯТЮФ(зюдчЕФЪЕР§ЛЏЩЯЯТЮФ)ЮЊ
E:\ai\3DPrinter_Qt6\third_party\OrcaSlicer\src\libslic3r\ExtrusionEntity.hpp(432): note: ВщПДЖде§дкБрвыЕФКЏЪ§ ФЃАх ЪЕР§ЛЏЁА_Ty std::accumulate<std::_Vector_const_iterator<std::_Vector_val<std::_Simple_types<Slic3r::ExtrusionPath>>>,int,Slic3r::ExtrusionMultiPath::collect_points::<lambda_abff1419f1e7bad13c439e3f0139ec39>>(const _InIt,const _InIt,_Ty,_Fn)ЁБЕФв§гУ
        with
        [
            _Ty=int,
            _InIt=std::_Vector_const_iterator<std::_Vector_val<std::_Simple_types<Slic3r::ExtrusionPath>>>,
            _Fn=Slic3r::ExtrusionMultiPath::collect_points::<lambda_abff1419f1e7bad13c439e3f0139ec39>
        ]
[89/269] Building CXX object CMakeFiles\libslic3r_from_source.dir\third_party\OrcaSlicer\src\libslic3r\ObjectID.cpp.obj
[90/269] Building CXX object CMakeFiles\libslic3r_from_source.dir\third_party\OrcaSlicer\src\libslic3r\ObjColorUtils.cpp.obj
[91/269] Building CXX object CMakeFiles\libslic3r_from_source.dir\third_party\OrcaSlicer\src\libslic3r\MutablePolygon.cpp.obj
[92/269] Building CXX object CMakeFiles\libslic3r_from_source.dir\third_party\OrcaSlicer\src\libslic3r\PNGReadWrite.cpp.obj
[93/269] Building CXX object CMakeFiles\libslic3r_from_source.dir\third_party\OrcaSlicer\src\libslic3r\NSVGUtils.cpp.obj
[94/269] Building CXX object CMakeFiles\libslic3r_from_source.dir\third_party\OrcaSlicer\src\libslic3r\Arrange.cpp.obj
E:\ai\3DPrinter_Qt6\third_party\OrcaSlicer\src\libslic3r\Arrange.cpp(1): warning C4819: ИУЮФМўАќКЌВЛФмдкЕБЧАДњТывГ(936)жаБэЪОЕФзжЗћЁЃЧыНЋИУЮФМўБЃДцЮЊ Unicode ИёЪНвдЗРжЙЪ§ОнЖЊЪЇ
E:\ai\3DPrinter_Qt6\third_party\OrcaSlicer\src\libslic3r/GCode/GCodeProcessor.hpp(694): warning C4819: ИУЮФМўАќКЌВЛФмдкЕБЧАДњТывГ(936)жаБэЪОЕФзжЗћЁЃЧыНЋИУЮФМўБЃДцЮЊ Unicode ИёЪНвдЗРжЙЪ§ОнЖЊЪЇ
E:\ai\3DPrinter_Qt6\third_party\OrcaSlicer\src\libslic3r\Arrange.cpp(648): warning C4819: ИУЮФМўАќКЌВЛФмдкЕБЧАДњТывГ(936)жаБэЪОЕФзжЗћЁЃЧыНЋИУЮФМўБЃДцЮЊ Unicode ИёЪНвдЗРжЙЪ§ОнЖЊЪЇ
C:\Program Files\Microsoft Visual Studio\18\Community\VC\Tools\MSVC\14.50.35717\include\numeric(33): warning C4267: ЁА=ЁБ: ДгЁАsize_tЁБзЊЛЛЕНЁА_TyЁБЃЌПЩФмЖЊЪЇЪ§Он
        with
        [
            _Ty=int
        ]
C:\Program Files\Microsoft Visual Studio\18\Community\VC\Tools\MSVC\14.50.35717\include\numeric(33): note: ФЃАхЪЕР§ЛЏЩЯЯТЮФ(зюдчЕФЪЕР§ЛЏЩЯЯТЮФ)ЮЊ
E:\ai\3DPrinter_Qt6\third_party\OrcaSlicer\src\libslic3r/ExtrusionEntity.hpp(432): note: ВщПДЖде§дкБрвыЕФКЏЪ§ ФЃАх ЪЕР§ЛЏЁА_Ty std::accumulate<std::_Vector_const_iterator<std::_Vector_val<std::_Simple_types<Slic3r::ExtrusionPath>>>,int,Slic3r::ExtrusionMultiPath::collect_points::<lambda_abff1419f1e7bad13c439e3f0139ec39>>(const _InIt,const _InIt,_Ty,_Fn)ЁБЕФв§гУ
        with
        [
            _Ty=int,
            _InIt=std::_Vector_const_iterator<std::_Vector_val<std::_Simple_types<Slic3r::ExtrusionPath>>>,
            _Fn=Slic3r::ExtrusionMultiPath::collect_points::<lambda_abff1419f1e7bad13c439e3f0139ec39>
        ]
[95/269] Building CXX object CMakeFiles\libslic3r_from_source.dir\third_party\OrcaSlicer\src\libslic3r\Platform.cpp.obj
[96/269] Building CXX object CMakeFiles\libslic3r_from_source.dir\third_party\OrcaSlicer\src\libslic3r\GCode.cpp.obj
FAILED: CMakeFiles/libslic3r_from_source.dir/third_party/OrcaSlicer/src/libslic3r/GCode.cpp.obj 
C:\PROGRA~1\MIB055~1\18\COMMUN~1\VC\Tools\MSVC\1450~1.357\bin\Hostx64\x64\cl.exe  /nologo /TP -DBOOST_ALL_NO_LIB -DBOOST_ATOMIC_NO_LIB -DBOOST_ATOMIC_STATIC_LINK -DBOOST_CHRONO_NO_LIB -DBOOST_CHRONO_STATIC_LINK -DBOOST_CONTAINER_NO_LIB -DBOOST_CONTAINER_STATIC_LINK -DBOOST_DATE_TIME_NO_LIB -DBOOST_DATE_TIME_STATIC_LINK -DBOOST_FILESYSTEM_NO_LIB -DBOOST_FILESYSTEM_STATIC_LINK=1 -DBOOST_IOSTREAMS_NO_LIB -DBOOST_IOSTREAMS_STATIC_LINK -DBOOST_LOCALE_NO_LIB -DBOOST_LOCALE_STATIC_LINK -DBOOST_LOG_NO_LIB -DBOOST_LOG_STATIC_LINK -DBOOST_NOWIDE_NO_LIB -DBOOST_PROGRAM_OPTIONS_NO_LIB -DBOOST_PROGRAM_OPTIONS_STATIC_LINK -DBOOST_RANDOM_NO_LIB -DBOOST_RANDOM_STATIC_LINK -DBOOST_SERIALIZATION_NO_LIB -DBOOST_SERIALIZATION_STATIC_LINK -DBOOST_SYSTEM_USE_UTF8 -DBOOST_THREAD_NO_LIB -DBOOST_THREAD_STATIC_LINK -DBOOST_THREAD_USE_LIB -DBOOST_USE_WINAPI_VERSION=0x602 -DLIBNEST2D_GEOMETRIES_libslic3r -DLIBNEST2D_OPTIMIZER_nlopt -DLIBNEST2D_STATIC -DLIBNEST2D_THREADING_tbb -DNOMINMAX -DTBB_USE_CAPTURED_EXCEPTION=0 -DUNICODE -DUSE_TBB -D_CRT_SECURE_NO_WARNINGS -D_SCL_SECURE_NO_WARNINGS -D_UNICODE -D_USE_MATH_DEFINES -D_WIN32 -D_WIN32_WINNT=0x0601 -IE:\ai\3DPrinter_Qt6\build\libslic3r_from_source_autogen\include -IE:\ai\3DPrinter_Qt6\third_party\OrcaSlicer\src\libslic3r -IE:\ai\3DPrinter_Qt6\build\libslic3r_generated -IE:\ai\3DPrinter_Qt6\third_party\OrcaSlicer\src -IE:\ai\3D-Printer\deps\build\OrcaSlicer_dep\usr\local\include\boost-1_84 -IE:\ai\3D-Printer\deps\build\OrcaSlicer_dep\usr\local\include -IE:\ai\3D-Printer\deps\build\OrcaSlicer_dep\usr\local\include\occt -IE:\ai\3DPrinter_Qt6\third_party\OrcaSlicer\deps_src\ankerl -IE:\ai\3DPrinter_Qt6\third_party\OrcaSlicer\deps_src\nlohmann -IE:\ai\3DPrinter_Qt6\third_party\OrcaSlicer\deps_src\fast_float -IE:\ai\3DPrinter_Qt6\third_party\OrcaSlicer\deps_src\nanosvg -IE:\ai\3DPrinter_Qt6\third_party\OrcaSlicer\deps_src\stb_dxt -IE:\ai\3DPrinter_Qt6\third_party\OrcaSlicer\deps_src\libigl -IE:\vcpkg\installed\x64-windows\include\eigen3 -IE:\ai\3DPrinter_Qt6\third_party\OrcaSlicer\deps_src\admesh -IE:\ai\3DPrinter_Qt6\third_party\OrcaSlicer\deps_src -IE:\ai\3DPrinter_Qt6\third_party\OrcaSlicer\deps_src\clipper -IE:\ai\3DPrinter_Qt6\third_party\OrcaSlicer\deps_src\clipper2\Clipper2Lib\include -IE:\ai\3DPrinter_Qt6\third_party\OrcaSlicer\deps_src\glu-libtess\include -IE:\ai\3DPrinter_Qt6\third_party\OrcaSlicer\deps_src\libnest2d\include -IE:\ai\3DPrinter_Qt6\third_party\OrcaSlicer\deps_src\miniz -IE:\ai\3DPrinter_Qt6\third_party\OrcaSlicer\deps_src\qoi -IE:\ai\3DPrinter_Qt6\third_party\OrcaSlicer\deps_src\semver -IE:\vcpkg\installed\x64-windows\include /DWIN32 /D_WINDOWS /GR /EHsc /O2 /Ob2 /DNDEBUG -MD /Zi -D_SCL_SECURE_NO_DEPRECATE -D_SCL_SECURE_NO_WARNINGS /fp:strict /fp:except- /wd4503 /bigobj -std:c++17 /YuE:/ai/3DPrinter_Qt6/build/CMakeFiles/libslic3r_from_source.dir/cmake_pch.hxx /FpE:/ai/3DPrinter_Qt6/build/CMakeFiles/libslic3r_from_source.dir/./cmake_pch.cxx.pch /FIE:/ai/3DPrinter_Qt6/build/CMakeFiles/libslic3r_from_source.dir/cmake_pch.hxx /showIncludes /FoCMakeFiles\libslic3r_from_source.dir\third_party\OrcaSlicer\src\libslic3r\GCode.cpp.obj /FdCMakeFiles\libslic3r_from_source.dir\libslic3r_from_source.pdb /FS -c E:\ai\3DPrinter_Qt6\third_party\OrcaSlicer\src\libslic3r\GCode.cpp
E:\ai\3DPrinter_Qt6\third_party\OrcaSlicer\src\libslic3r\GCode/GCodeProcessor.hpp(694): warning C4819: ИУЮФМўАќКЌВЛФмдкЕБЧАДњТывГ(936)жаБэЪОЕФзжЗћЁЃЧыНЋИУЮФМўБЃДцЮЊ Unicode ИёЪНвдЗРжЙЪ§ОнЖЊЪЇ
E:\ai\3DPrinter_Qt6\third_party\OrcaSlicer\src\libslic3r\GCode.cpp(6125): warning C4819: ИУЮФМўАќКЌВЛФмдкЕБЧАДњТывГ(936)жаБэЪОЕФзжЗћЁЃЧыНЋИУЮФМўБЃДцЮЊ Unicode ИёЪНвдЗРжЙЪ§ОнЖЊЪЇ
C:\Program Files\Microsoft Visual Studio\18\Community\VC\Tools\MSVC\14.50.35717\include\numeric(33): warning C4267: ЁА=ЁБ: ДгЁАsize_tЁБзЊЛЛЕНЁА_TyЁБЃЌПЩФмЖЊЪЇЪ§Он
        with
        [
            _Ty=int
        ]
C:\Program Files\Microsoft Visual Studio\18\Community\VC\Tools\MSVC\14.50.35717\include\numeric(33): note: ФЃАхЪЕР§ЛЏЩЯЯТЮФ(зюдчЕФЪЕР§ЛЏЩЯЯТЮФ)ЮЊ
E:\ai\3DPrinter_Qt6\third_party\OrcaSlicer\src\libslic3r\ExtrusionEntity.hpp(432): note: ВщПДЖде§дкБрвыЕФКЏЪ§ ФЃАх ЪЕР§ЛЏЁА_Ty std::accumulate<std::_Vector_const_iterator<std::_Vector_val<std::_Simple_types<Slic3r::ExtrusionPath>>>,int,Slic3r::ExtrusionMultiPath::collect_points::<lambda_abff1419f1e7bad13c439e3f0139ec39>>(const _InIt,const _InIt,_Ty,_Fn)ЁБЕФв§гУ
        with
        [
            _Ty=int,
            _InIt=std::_Vector_const_iterator<std::_Vector_val<std::_Simple_types<Slic3r::ExtrusionPath>>>,
            _Fn=Slic3r::ExtrusionMultiPath::collect_points::<lambda_abff1419f1e7bad13c439e3f0139ec39>
        ]
C:\Program Files\Microsoft Visual Studio\18\Community\VC\Tools\MSVC\14.50.35717\include\utility(274): warning C4244: ЁАГѕЪМЛЏЁБ: ДгЁА_TyЁБзЊЛЛЕНЁА_Ty2ЁБЃЌПЩФмЖЊЪЇЪ§Он
        with
        [
            _Ty=int
        ]
        and
        [
            _Ty2=float
        ]
C:\Program Files\Microsoft Visual Studio\18\Community\VC\Tools\MSVC\14.50.35717\include\utility(274): note: ФЃАхЪЕР§ЛЏЩЯЯТЮФ(зюдчЕФЪЕР§ЛЏЩЯЯТЮФ)ЮЊ
E:\ai\3DPrinter_Qt6\third_party\OrcaSlicer\src\libslic3r\GCode/ExtrusionProcessor.hpp(339): note: ВщПДЖде§дкБрвыЕФКЏЪ§ ФЃАх ЪЕР§ЛЏЁАstd::pair<float,float>::pair<float,int,0>(_Other1 &&,_Other2 &&) noexceptЁБЕФв§гУ
        with
        [
            _Other1=float,
            _Other2=int
        ]
E:\ai\3DPrinter_Qt6\third_party\OrcaSlicer\src\libslic3r\GCode/ExtrusionProcessor.hpp(339): note: ЧыВЮдФ "Slic3r::ExtrusionQualityEstimator::estimate_extrusion_quality" жаЖд "std::pair<float,float>::pair" ЕФЕквЛИів§гУ
E:\vcpkg\installed\x64-windows\include\eigen3\Eigen\src/Core/MatrixBase.h(68): fatal error C1060: БрвыЦїЕФЖбПеМфВЛзу
[97/269] Building CXX object CMakeFiles\libslic3r_from_source.dir\third_party\OrcaSlicer\src\libslic3r\Orient.cpp.obj
FAILED: CMakeFiles/libslic3r_from_source.dir/third_party/OrcaSlicer/src/libslic3r/Orient.cpp.obj 
C:\PROGRA~1\MIB055~1\18\COMMUN~1\VC\Tools\MSVC\1450~1.357\bin\Hostx64\x64\cl.exe  /nologo /TP -DBOOST_ALL_NO_LIB -DBOOST_ATOMIC_NO_LIB -DBOOST_ATOMIC_STATIC_LINK -DBOOST_CHRONO_NO_LIB -DBOOST_CHRONO_STATIC_LINK -DBOOST_CONTAINER_NO_LIB -DBOOST_CONTAINER_STATIC_LINK -DBOOST_DATE_TIME_NO_LIB -DBOOST_DATE_TIME_STATIC_LINK -DBOOST_FILESYSTEM_NO_LIB -DBOOST_FILESYSTEM_STATIC_LINK=1 -DBOOST_IOSTREAMS_NO_LIB -DBOOST_IOSTREAMS_STATIC_LINK -DBOOST_LOCALE_NO_LIB -DBOOST_LOCALE_STATIC_LINK -DBOOST_LOG_NO_LIB -DBOOST_LOG_STATIC_LINK -DBOOST_NOWIDE_NO_LIB -DBOOST_PROGRAM_OPTIONS_NO_LIB -DBOOST_PROGRAM_OPTIONS_STATIC_LINK -DBOOST_RANDOM_NO_LIB -DBOOST_RANDOM_STATIC_LINK -DBOOST_SERIALIZATION_NO_LIB -DBOOST_SERIALIZATION_STATIC_LINK -DBOOST_SYSTEM_USE_UTF8 -DBOOST_THREAD_NO_LIB -DBOOST_THREAD_STATIC_LINK -DBOOST_THREAD_USE_LIB -DBOOST_USE_WINAPI_VERSION=0x602 -DLIBNEST2D_GEOMETRIES_libslic3r -DLIBNEST2D_OPTIMIZER_nlopt -DLIBNEST2D_STATIC -DLIBNEST2D_THREADING_tbb -DNOMINMAX -DTBB_USE_CAPTURED_EXCEPTION=0 -DUNICODE -DUSE_TBB -D_CRT_SECURE_NO_WARNINGS -D_SCL_SECURE_NO_WARNINGS -D_UNICODE -D_USE_MATH_DEFINES -D_WIN32 -D_WIN32_WINNT=0x0601 -IE:\ai\3DPrinter_Qt6\build\libslic3r_from_source_autogen\include -IE:\ai\3DPrinter_Qt6\third_party\OrcaSlicer\src\libslic3r -IE:\ai\3DPrinter_Qt6\build\libslic3r_generated -IE:\ai\3DPrinter_Qt6\third_party\OrcaSlicer\src -IE:\ai\3D-Printer\deps\build\OrcaSlicer_dep\usr\local\include\boost-1_84 -IE:\ai\3D-Printer\deps\build\OrcaSlicer_dep\usr\local\include -IE:\ai\3D-Printer\deps\build\OrcaSlicer_dep\usr\local\include\occt -IE:\ai\3DPrinter_Qt6\third_party\OrcaSlicer\deps_src\ankerl -IE:\ai\3DPrinter_Qt6\third_party\OrcaSlicer\deps_src\nlohmann -IE:\ai\3DPrinter_Qt6\third_party\OrcaSlicer\deps_src\fast_float -IE:\ai\3DPrinter_Qt6\third_party\OrcaSlicer\deps_src\nanosvg -IE:\ai\3DPrinter_Qt6\third_party\OrcaSlicer\deps_src\stb_dxt -IE:\ai\3DPrinter_Qt6\third_party\OrcaSlicer\deps_src\libigl -IE:\vcpkg\installed\x64-windows\include\eigen3 -IE:\ai\3DPrinter_Qt6\third_party\OrcaSlicer\deps_src\admesh -IE:\ai\3DPrinter_Qt6\third_party\OrcaSlicer\deps_src -IE:\ai\3DPrinter_Qt6\third_party\OrcaSlicer\deps_src\clipper -IE:\ai\3DPrinter_Qt6\third_party\OrcaSlicer\deps_src\clipper2\Clipper2Lib\include -IE:\ai\3DPrinter_Qt6\third_party\OrcaSlicer\deps_src\glu-libtess\include -IE:\ai\3DPrinter_Qt6\third_party\OrcaSlicer\deps_src\libnest2d\include -IE:\ai\3DPrinter_Qt6\third_party\OrcaSlicer\deps_src\miniz -IE:\ai\3DPrinter_Qt6\third_party\OrcaSlicer\deps_src\qoi -IE:\ai\3DPrinter_Qt6\third_party\OrcaSlicer\deps_src\semver -IE:\vcpkg\installed\x64-windows\include /DWIN32 /D_WINDOWS /GR /EHsc /O2 /Ob2 /DNDEBUG -MD /Zi -D_SCL_SECURE_NO_DEPRECATE -D_SCL_SECURE_NO_WARNINGS /fp:strict /fp:except- /wd4503 /bigobj -std:c++17 /YuE:/ai/3DPrinter_Qt6/build/CMakeFiles/libslic3r_from_source.dir/cmake_pch.hxx /FpE:/ai/3DPrinter_Qt6/build/CMakeFiles/libslic3r_from_source.dir/./cmake_pch.cxx.pch /FIE:/ai/3DPrinter_Qt6/build/CMakeFiles/libslic3r_from_source.dir/cmake_pch.hxx /showIncludes /FoCMakeFiles\libslic3r_from_source.dir\third_party\OrcaSlicer\src\libslic3r\Orient.cpp.obj /FdCMakeFiles\libslic3r_from_source.dir\libslic3r_from_source.pdb /FS -c E:\ai\3DPrinter_Qt6\third_party\OrcaSlicer\src\libslic3r\Orient.cpp
E:\ai\3DPrinter_Qt6\third_party\OrcaSlicer\src\libslic3r\PrintConfig.hpp(1249): fatal error C1060: БрвыЦїЕФЖбПеМфВЛзу
[98/269] Building CXX object CMakeFiles\libslic3r_from_source.dir\third_party\OrcaSlicer\src\libslic3r\PlaceholderParser.cpp.obj
FAILED: CMakeFiles/libslic3r_from_source.dir/third_party/OrcaSlicer/src/libslic3r/PlaceholderParser.cpp.obj 
C:\PROGRA~1\MIB055~1\18\COMMUN~1\VC\Tools\MSVC\1450~1.357\bin\Hostx64\x64\cl.exe  /nologo /TP -DBOOST_ALL_NO_LIB -DBOOST_ATOMIC_NO_LIB -DBOOST_ATOMIC_STATIC_LINK -DBOOST_CHRONO_NO_LIB -DBOOST_CHRONO_STATIC_LINK -DBOOST_CONTAINER_NO_LIB -DBOOST_CONTAINER_STATIC_LINK -DBOOST_DATE_TIME_NO_LIB -DBOOST_DATE_TIME_STATIC_LINK -DBOOST_FILESYSTEM_NO_LIB -DBOOST_FILESYSTEM_STATIC_LINK=1 -DBOOST_IOSTREAMS_NO_LIB -DBOOST_IOSTREAMS_STATIC_LINK -DBOOST_LOCALE_NO_LIB -DBOOST_LOCALE_STATIC_LINK -DBOOST_LOG_NO_LIB -DBOOST_LOG_STATIC_LINK -DBOOST_NOWIDE_NO_LIB -DBOOST_PROGRAM_OPTIONS_NO_LIB -DBOOST_PROGRAM_OPTIONS_STATIC_LINK -DBOOST_RANDOM_NO_LIB -DBOOST_RANDOM_STATIC_LINK -DBOOST_SERIALIZATION_NO_LIB -DBOOST_SERIALIZATION_STATIC_LINK -DBOOST_SYSTEM_USE_UTF8 -DBOOST_THREAD_NO_LIB -DBOOST_THREAD_STATIC_LINK -DBOOST_THREAD_USE_LIB -DBOOST_USE_WINAPI_VERSION=0x602 -DLIBNEST2D_GEOMETRIES_libslic3r -DLIBNEST2D_OPTIMIZER_nlopt -DLIBNEST2D_STATIC -DLIBNEST2D_THREADING_tbb -DNOMINMAX -DTBB_USE_CAPTURED_EXCEPTION=0 -DUNICODE -DUSE_TBB -D_CRT_SECURE_NO_WARNINGS -D_SCL_SECURE_NO_WARNINGS -D_UNICODE -D_USE_MATH_DEFINES -D_WIN32 -D_WIN32_WINNT=0x0601 -IE:\ai\3DPrinter_Qt6\build\libslic3r_from_source_autogen\include -IE:\ai\3DPrinter_Qt6\third_party\OrcaSlicer\src\libslic3r -IE:\ai\3DPrinter_Qt6\build\libslic3r_generated -IE:\ai\3DPrinter_Qt6\third_party\OrcaSlicer\src -IE:\ai\3D-Printer\deps\build\OrcaSlicer_dep\usr\local\include\boost-1_84 -IE:\ai\3D-Printer\deps\build\OrcaSlicer_dep\usr\local\include -IE:\ai\3D-Printer\deps\build\OrcaSlicer_dep\usr\local\include\occt -IE:\ai\3DPrinter_Qt6\third_party\OrcaSlicer\deps_src\ankerl -IE:\ai\3DPrinter_Qt6\third_party\OrcaSlicer\deps_src\nlohmann -IE:\ai\3DPrinter_Qt6\third_party\OrcaSlicer\deps_src\fast_float -IE:\ai\3DPrinter_Qt6\third_party\OrcaSlicer\deps_src\nanosvg -IE:\ai\3DPrinter_Qt6\third_party\OrcaSlicer\deps_src\stb_dxt -IE:\ai\3DPrinter_Qt6\third_party\OrcaSlicer\deps_src\libigl -IE:\vcpkg\installed\x64-windows\include\eigen3 -IE:\ai\3DPrinter_Qt6\third_party\OrcaSlicer\deps_src\admesh -IE:\ai\3DPrinter_Qt6\third_party\OrcaSlicer\deps_src -IE:\ai\3DPrinter_Qt6\third_party\OrcaSlicer\deps_src\clipper -IE:\ai\3DPrinter_Qt6\third_party\OrcaSlicer\deps_src\clipper2\Clipper2Lib\include -IE:\ai\3DPrinter_Qt6\third_party\OrcaSlicer\deps_src\glu-libtess\include -IE:\ai\3DPrinter_Qt6\third_party\OrcaSlicer\deps_src\libnest2d\include -IE:\ai\3DPrinter_Qt6\third_party\OrcaSlicer\deps_src\miniz -IE:\ai\3DPrinter_Qt6\third_party\OrcaSlicer\deps_src\qoi -IE:\ai\3DPrinter_Qt6\third_party\OrcaSlicer\deps_src\semver -IE:\vcpkg\installed\x64-windows\include /DWIN32 /D_WINDOWS /GR /EHsc /O2 /Ob2 /DNDEBUG -MD /Zi -D_SCL_SECURE_NO_DEPRECATE -D_SCL_SECURE_NO_WARNINGS /fp:strict /fp:except- /wd4503 /bigobj -std:c++17 /YuE:/ai/3DPrinter_Qt6/build/CMakeFiles/libslic3r_from_source.dir/cmake_pch.hxx /FpE:/ai/3DPrinter_Qt6/build/CMakeFiles/libslic3r_from_source.dir/./cmake_pch.cxx.pch /FIE:/ai/3DPrinter_Qt6/build/CMakeFiles/libslic3r_from_source.dir/cmake_pch.hxx /showIncludes /FoCMakeFiles\libslic3r_from_source.dir\third_party\OrcaSlicer\src\libslic3r\PlaceholderParser.cpp.obj /FdCMakeFiles\libslic3r_from_source.dir\libslic3r_from_source.pdb /FS -c E:\ai\3DPrinter_Qt6\third_party\OrcaSlicer\src\libslic3r\PlaceholderParser.cpp
E:\ai\3DPrinter_Qt6\third_party\OrcaSlicer\src\libslic3r\PrintConfig.hpp(1249): fatal error C1060: БрвыЦїЕФЖбПеМфВЛзу
[99/269] Building CXX object CMakeFiles\libslic3r_from_source.dir\third_party\OrcaSlicer\src\libslic3r\GCodeWriter.cpp.obj
E:\ai\3DPrinter_Qt6\third_party\OrcaSlicer\src\libslic3r\GCode/GCodeProcessor.hpp(694): warning C4819: ИУЮФМўАќКЌВЛФмдкЕБЧАДњТывГ(936)жаБэЪОЕФзжЗћЁЃЧыНЋИУЮФМўБЃДцЮЊ Unicode ИёЪНвдЗРжЙЪ§ОнЖЊЪЇ
E:\ai\3DPrinter_Qt6\third_party\OrcaSlicer\src\libslic3r\GCodeWriter.cpp(732): warning C4819: ИУЮФМўАќКЌВЛФмдкЕБЧАДњТывГ(936)жаБэЪОЕФзжЗћЁЃЧыНЋИУЮФМўБЃДцЮЊ Unicode ИёЪНвдЗРжЙЪ§ОнЖЊЪЇ
C:\Program Files\Microsoft Visual Studio\18\Community\VC\Tools\MSVC\14.50.35717\include\numeric(33): warning C4267: ЁА=ЁБ: ДгЁАsize_tЁБзЊЛЛЕНЁА_TyЁБЃЌПЩФмЖЊЪЇЪ§Он
        with
        [
            _Ty=int
        ]
C:\Program Files\Microsoft Visual Studio\18\Community\VC\Tools\MSVC\14.50.35717\include\numeric(33): note: ФЃАхЪЕР§ЛЏЩЯЯТЮФ(зюдчЕФЪЕР§ЛЏЩЯЯТЮФ)ЮЊ
E:\ai\3DPrinter_Qt6\third_party\OrcaSlicer\src\libslic3r/ExtrusionEntity.hpp(432): note: ВщПДЖде§дкБрвыЕФКЏЪ§ ФЃАх ЪЕР§ЛЏЁА_Ty std::accumulate<std::_Vector_const_iterator<std::_Vector_val<std::_Simple_types<Slic3r::ExtrusionPath>>>,int,Slic3r::ExtrusionMultiPath::collect_points::<lambda_abff1419f1e7bad13c439e3f0139ec39>>(const _InIt,const _InIt,_Ty,_Fn)ЁБЕФв§гУ
        with
        [
            _Ty=int,
            _InIt=std::_Vector_const_iterator<std::_Vector_val<std::_Simple_types<Slic3r::ExtrusionPath>>>,
            _Fn=Slic3r::ExtrusionMultiPath::collect_points::<lambda_abff1419f1e7bad13c439e3f0139ec39>
        ]
[100/269] Building CXX object CMakeFiles\libslic3r_from_source.dir\third_party\OrcaSlicer\src\libslic3r\Polygon.cpp.obj
[101/269] Building CXX object CMakeFiles\libslic3r_from_source.dir\third_party\OrcaSlicer\src\libslic3r\Point.cpp.obj
[102/269] Building CXX object CMakeFiles\libslic3r_from_source.dir\third_party\OrcaSlicer\src\libslic3r\ParameterUtils.cpp.obj
[103/269] Building CXX object CMakeFiles\libslic3r_from_source.dir\third_party\OrcaSlicer\src\libslic3r\Geometry.cpp.obj
[104/269] Building CXX object CMakeFiles\libslic3r_from_source.dir\third_party\OrcaSlicer\src\libslic3r\ModelArrange.cpp.obj
E:\ai\3DPrinter_Qt6\third_party\OrcaSlicer\src\libslic3r/GCode/GCodeProcessor.hpp(694): warning C4819: ИУЮФМўАќКЌВЛФмдкЕБЧАДњТывГ(936)жаБэЪОЕФзжЗћЁЃЧыНЋИУЮФМўБЃДцЮЊ Unicode ИёЪНвдЗРжЙЪ§ОнЖЊЪЇ
C:\Program Files\Microsoft Visual Studio\18\Community\VC\Tools\MSVC\14.50.35717\include\numeric(33): warning C4267: ЁА=ЁБ: ДгЁАsize_tЁБзЊЛЛЕНЁА_TyЁБЃЌПЩФмЖЊЪЇЪ§Он
        with
        [
            _Ty=int
        ]
C:\Program Files\Microsoft Visual Studio\18\Community\VC\Tools\MSVC\14.50.35717\include\numeric(33): note: ФЃАхЪЕР§ЛЏЩЯЯТЮФ(зюдчЕФЪЕР§ЛЏЩЯЯТЮФ)ЮЊ
E:\ai\3DPrinter_Qt6\third_party\OrcaSlicer\src\libslic3r/ExtrusionEntity.hpp(432): note: ВщПДЖде§дкБрвыЕФКЏЪ§ ФЃАх ЪЕР§ЛЏЁА_Ty std::accumulate<std::_Vector_const_iterator<std::_Vector_val<std::_Simple_types<Slic3r::ExtrusionPath>>>,int,Slic3r::ExtrusionMultiPath::collect_points::<lambda_abff1419f1e7bad13c439e3f0139ec39>>(const _InIt,const _InIt,_Ty,_Fn)ЁБЕФв§гУ
        with
        [
            _Ty=int,
            _InIt=std::_Vector_const_iterator<std::_Vector_val<std::_Simple_types<Slic3r::ExtrusionPath>>>,
            _Fn=Slic3r::ExtrusionMultiPath::collect_points::<lambda_abff1419f1e7bad13c439e3f0139ec39>
        ]
[105/269] Building CXX object CMakeFiles\libslic3r_from_source.dir\third_party\OrcaSlicer\src\libslic3r\LayerRegion.cpp.obj
E:\ai\3DPrinter_Qt6\third_party\OrcaSlicer\src\libslic3r/GCode/GCodeProcessor.hpp(694): warning C4819: ИУЮФМўАќКЌВЛФмдкЕБЧАДњТывГ(936)жаБэЪОЕФзжЗћЁЃЧыНЋИУЮФМўБЃДцЮЊ Unicode ИёЪНвдЗРжЙЪ§ОнЖЊЪЇ
C:\Program Files\Microsoft Visual Studio\18\Community\VC\Tools\MSVC\14.50.35717\include\numeric(33): warning C4267: ЁА=ЁБ: ДгЁАsize_tЁБзЊЛЛЕНЁА_TyЁБЃЌПЩФмЖЊЪЇЪ§Он
        with
        [
            _Ty=int
        ]
C:\Program Files\Microsoft Visual Studio\18\Community\VC\Tools\MSVC\14.50.35717\include\numeric(33): note: ФЃАхЪЕР§ЛЏЩЯЯТЮФ(зюдчЕФЪЕР§ЛЏЩЯЯТЮФ)ЮЊ
E:\ai\3DPrinter_Qt6\third_party\OrcaSlicer\src\libslic3r\ExtrusionEntity.hpp(432): note: ВщПДЖде§дкБрвыЕФКЏЪ§ ФЃАх ЪЕР§ЛЏЁА_Ty std::accumulate<std::_Vector_const_iterator<std::_Vector_val<std::_Simple_types<Slic3r::ExtrusionPath>>>,int,Slic3r::ExtrusionMultiPath::collect_points::<lambda_abff1419f1e7bad13c439e3f0139ec39>>(const _InIt,const _InIt,_Ty,_Fn)ЁБЕФв§гУ
        with
        [
            _Ty=int,
            _InIt=std::_Vector_const_iterator<std::_Vector_val<std::_Simple_types<Slic3r::ExtrusionPath>>>,
            _Fn=Slic3r::ExtrusionMultiPath::collect_points::<lambda_abff1419f1e7bad13c439e3f0139ec39>
        ]
[106/269] Building CXX object CMakeFiles\libslic3r_from_source.dir\third_party\OrcaSlicer\src\libslic3r\NormalUtils.cpp.obj
E:\ai\3DPrinter_Qt6\third_party\OrcaSlicer\src\libslic3r/GCode/GCodeProcessor.hpp(694): warning C4819: ИУЮФМўАќКЌВЛФмдкЕБЧАДњТывГ(936)жаБэЪОЕФзжЗћЁЃЧыНЋИУЮФМўБЃДцЮЊ Unicode ИёЪНвдЗРжЙЪ§ОнЖЊЪЇ
C:\Program Files\Microsoft Visual Studio\18\Community\VC\Tools\MSVC\14.50.35717\include\numeric(33): warning C4267: ЁА=ЁБ: ДгЁАsize_tЁБзЊЛЛЕНЁА_TyЁБЃЌПЩФмЖЊЪЇЪ§Он
        with
        [
            _Ty=int
        ]
C:\Program Files\Microsoft Visual Studio\18\Community\VC\Tools\MSVC\14.50.35717\include\numeric(33): note: ФЃАхЪЕР§ЛЏЩЯЯТЮФ(зюдчЕФЪЕР§ЛЏЩЯЯТЮФ)ЮЊ
E:\ai\3DPrinter_Qt6\third_party\OrcaSlicer\src\libslic3r/ExtrusionEntity.hpp(432): note: ВщПДЖде§дкБрвыЕФКЏЪ§ ФЃАх ЪЕР§ЛЏЁА_Ty std::accumulate<std::_Vector_const_iterator<std::_Vector_val<std::_Simple_types<Slic3r::ExtrusionPath>>>,int,Slic3r::ExtrusionMultiPath::collect_points::<lambda_abff1419f1e7bad13c439e3f0139ec39>>(const _InIt,const _InIt,_Ty,_Fn)ЁБЕФв§гУ
        with
        [
            _Ty=int,
            _InIt=std::_Vector_const_iterator<std::_Vector_val<std::_Simple_types<Slic3r::ExtrusionPath>>>,
            _Fn=Slic3r::ExtrusionMultiPath::collect_points::<lambda_abff1419f1e7bad13c439e3f0139ec39>
        ]
[107/269] Building CXX object CMakeFiles\libslic3r_from_source.dir\third_party\OrcaSlicer\src\libslic3r\Layer.cpp.obj
E:\ai\3DPrinter_Qt6\third_party\OrcaSlicer\src\libslic3r/GCode/GCodeProcessor.hpp(694): warning C4819: ИУЮФМўАќКЌВЛФмдкЕБЧАДњТывГ(936)жаБэЪОЕФзжЗћЁЃЧыНЋИУЮФМўБЃДцЮЊ Unicode ИёЪНвдЗРжЙЪ§ОнЖЊЪЇ
C:\Program Files\Microsoft Visual Studio\18\Community\VC\Tools\MSVC\14.50.35717\include\numeric(33): warning C4267: ЁА=ЁБ: ДгЁАsize_tЁБзЊЛЛЕНЁА_TyЁБЃЌПЩФмЖЊЪЇЪ§Он
        with
        [
            _Ty=int
        ]
C:\Program Files\Microsoft Visual Studio\18\Community\VC\Tools\MSVC\14.50.35717\include\numeric(33): note: ФЃАхЪЕР§ЛЏЩЯЯТЮФ(зюдчЕФЪЕР§ЛЏЩЯЯТЮФ)ЮЊ
E:\ai\3DPrinter_Qt6\third_party\OrcaSlicer\src\libslic3r\ExtrusionEntity.hpp(432): note: ВщПДЖде§дкБрвыЕФКЏЪ§ ФЃАх ЪЕР§ЛЏЁА_Ty std::accumulate<std::_Vector_const_iterator<std::_Vector_val<std::_Simple_types<Slic3r::ExtrusionPath>>>,int,Slic3r::ExtrusionMultiPath::collect_points::<lambda_abff1419f1e7bad13c439e3f0139ec39>>(const _InIt,const _InIt,_Ty,_Fn)ЁБЕФв§гУ
        with
        [
            _Ty=int,
            _InIt=std::_Vector_const_iterator<std::_Vector_val<std::_Simple_types<Slic3r::ExtrusionPath>>>,
            _Fn=Slic3r::ExtrusionMultiPath::collect_points::<lambda_abff1419f1e7bad13c439e3f0139ec39>
        ]
[108/269] Building CXX object CMakeFiles\libslic3r_from_source.dir\third_party\OrcaSlicer\src\libslic3r\MultiMaterialSegmentation.cpp.obj
E:\ai\3DPrinter_Qt6\third_party\OrcaSlicer\src\libslic3r/GCode/GCodeProcessor.hpp(694): warning C4819: ИУЮФМўАќКЌВЛФмдкЕБЧАДњТывГ(936)жаБэЪОЕФзжЗћЁЃЧыНЋИУЮФМўБЃДцЮЊ Unicode ИёЪНвдЗРжЙЪ§ОнЖЊЪЇ
C:\Program Files\Microsoft Visual Studio\18\Community\VC\Tools\MSVC\14.50.35717\include\numeric(33): warning C4267: ЁА=ЁБ: ДгЁАsize_tЁБзЊЛЛЕНЁА_TyЁБЃЌПЩФмЖЊЪЇЪ§Он
        with
        [
            _Ty=int
        ]
C:\Program Files\Microsoft Visual Studio\18\Community\VC\Tools\MSVC\14.50.35717\include\numeric(33): note: ФЃАхЪЕР§ЛЏЩЯЯТЮФ(зюдчЕФЪЕР§ЛЏЩЯЯТЮФ)ЮЊ
E:\ai\3DPrinter_Qt6\third_party\OrcaSlicer\src\libslic3r\ExtrusionEntity.hpp(432): note: ВщПДЖде§дкБрвыЕФКЏЪ§ ФЃАх ЪЕР§ЛЏЁА_Ty std::accumulate<std::_Vector_const_iterator<std::_Vector_val<std::_Simple_types<Slic3r::ExtrusionPath>>>,int,Slic3r::ExtrusionMultiPath::collect_points::<lambda_abff1419f1e7bad13c439e3f0139ec39>>(const _InIt,const _InIt,_Ty,_Fn)ЁБЕФв§гУ
        with
        [
            _Ty=int,
            _InIt=std::_Vector_const_iterator<std::_Vector_val<std::_Simple_types<Slic3r::ExtrusionPath>>>,
            _Fn=Slic3r::ExtrusionMultiPath::collect_points::<lambda_abff1419f1e7bad13c439e3f0139ec39>
        ]
[109/269] Building CXX object CMakeFiles\libslic3r_from_source.dir\third_party\OrcaSlicer\src\libslic3r\Measure.cpp.obj
[110/269] Building CXX object CMakeFiles\libslic3r_from_source.dir\third_party\OrcaSlicer\src\libslic3r\PerimeterGenerator.cpp.obj
E:\ai\3DPrinter_Qt6\third_party\OrcaSlicer\src\libslic3r/GCode/GCodeProcessor.hpp(694): warning C4819: ИУЮФМўАќКЌВЛФмдкЕБЧАДњТывГ(936)жаБэЪОЕФзжЗћЁЃЧыНЋИУЮФМўБЃДцЮЊ Unicode ИёЪНвдЗРжЙЪ§ОнЖЊЪЇ
E:\ai\3DPrinter_Qt6\third_party\OrcaSlicer\src\libslic3r\PerimeterGenerator.cpp(1972): warning C4819: ИУЮФМўАќКЌВЛФмдкЕБЧАДњТывГ(936)жаБэЪОЕФзжЗћЁЃЧыНЋИУЮФМўБЃДцЮЊ Unicode ИёЪНвдЗРжЙЪ§ОнЖЊЪЇ
C:\Program Files\Microsoft Visual Studio\18\Community\VC\Tools\MSVC\14.50.35717\include\numeric(33): warning C4267: ЁА=ЁБ: ДгЁАsize_tЁБзЊЛЛЕНЁА_TyЁБЃЌПЩФмЖЊЪЇЪ§Он
        with
        [
            _Ty=int
        ]
C:\Program Files\Microsoft Visual Studio\18\Community\VC\Tools\MSVC\14.50.35717\include\numeric(33): note: ФЃАхЪЕР§ЛЏЩЯЯТЮФ(зюдчЕФЪЕР§ЛЏЩЯЯТЮФ)ЮЊ
E:\ai\3DPrinter_Qt6\third_party\OrcaSlicer\src\libslic3r\ExtrusionEntity.hpp(432): note: ВщПДЖде§дкБрвыЕФКЏЪ§ ФЃАх ЪЕР§ЛЏЁА_Ty std::accumulate<std::_Vector_const_iterator<std::_Vector_val<std::_Simple_types<Slic3r::ExtrusionPath>>>,int,Slic3r::ExtrusionMultiPath::collect_points::<lambda_abff1419f1e7bad13c439e3f0139ec39>>(const _InIt,const _InIt,_Ty,_Fn)ЁБЕФв§гУ
        with
        [
            _Ty=int,
            _InIt=std::_Vector_const_iterator<std::_Vector_val<std::_Simple_types<Slic3r::ExtrusionPath>>>,
            _Fn=Slic3r::ExtrusionMultiPath::collect_points::<lambda_abff1419f1e7bad13c439e3f0139ec39>
        ]
[111/269] Building CXX object CMakeFiles\libslic3r_from_source.dir\third_party\OrcaSlicer\src\libslic3r\Model.cpp.obj
E:\ai\3DPrinter_Qt6\third_party\OrcaSlicer\src\libslic3r/GCode/GCodeProcessor.hpp(694): warning C4819: ИУЮФМўАќКЌВЛФмдкЕБЧАДњТывГ(936)жаБэЪОЕФзжЗћЁЃЧыНЋИУЮФМўБЃДцЮЊ Unicode ИёЪНвдЗРжЙЪ§ОнЖЊЪЇ
C:\Program Files\Microsoft Visual Studio\18\Community\VC\Tools\MSVC\14.50.35717\include\numeric(33): warning C4267: ЁА=ЁБ: ДгЁАsize_tЁБзЊЛЛЕНЁА_TyЁБЃЌПЩФмЖЊЪЇЪ§Он
        with
        [
            _Ty=int
        ]
C:\Program Files\Microsoft Visual Studio\18\Community\VC\Tools\MSVC\14.50.35717\include\numeric(33): note: ФЃАхЪЕР§ЛЏЩЯЯТЮФ(зюдчЕФЪЕР§ЛЏЩЯЯТЮФ)ЮЊ
E:\ai\3DPrinter_Qt6\third_party\OrcaSlicer\src\libslic3r/ExtrusionEntity.hpp(432): note: ВщПДЖде§дкБрвыЕФКЏЪ§ ФЃАх ЪЕР§ЛЏЁА_Ty std::accumulate<std::_Vector_const_iterator<std::_Vector_val<std::_Simple_types<Slic3r::ExtrusionPath>>>,int,Slic3r::ExtrusionMultiPath::collect_points::<lambda_abff1419f1e7bad13c439e3f0139ec39>>(const _InIt,const _InIt,_Ty,_Fn)ЁБЕФв§гУ
        with
        [
            _Ty=int,
            _InIt=std::_Vector_const_iterator<std::_Vector_val<std::_Simple_types<Slic3r::ExtrusionPath>>>,
            _Fn=Slic3r::ExtrusionMultiPath::collect_points::<lambda_abff1419f1e7bad13c439e3f0139ec39>
        ]
C:\Program Files\Microsoft Visual Studio\18\Community\VC\Tools\MSVC\14.50.35717\include\utility(274): warning C4267: ЁАГѕЪМЛЏЁБ: ДгЁАsize_tЁБзЊЛЛЕНЁА_Ty1ЁБЃЌПЩФмЖЊЪЇЪ§Он
        with
        [
            _Ty1=const int
        ]
C:\Program Files\Microsoft Visual Studio\18\Community\VC\Tools\MSVC\14.50.35717\include\utility(274): note: ФЃАхЪЕР§ЛЏЩЯЯТЮФ(зюдчЕФЪЕР§ЛЏЩЯЯТЮФ)ЮЊ
E:\ai\3DPrinter_Qt6\third_party\OrcaSlicer\src\libslic3r\Model.cpp(516): note: ВщПДЖде§дкБрвыЕФКЏЪ§ ФЃАх ЪЕР§ЛЏЁАstd::pair<std::_Tree_iterator<std::_Tree_val<std::_Tree_simple_types<std::pair<const int,int>>>>,bool> std::_Tree<std::_Tmap_traits<_Kty,_Ty,_Pr,_Alloc,false>>::emplace<size_t,_Ty2&>(size_t &&,_Ty2 &)ЁБЕФв§гУ
        with
        [
            _Kty=int,
            _Ty=int,
            _Pr=std::less<int>,
            _Alloc=std::allocator<std::pair<const int,int>>,
            _Ty2=int
        ]
E:\ai\3DPrinter_Qt6\third_party\OrcaSlicer\src\libslic3r\Model.cpp(516): note: ЧыВЮдФ "Slic3r::Model::add_object" жаЖд "std::_Tree<std::_Tmap_traits<_Kty,_Ty,_Pr,_Alloc,false>>::emplace" ЕФЕквЛИів§гУ
        with
        [
            _Kty=int,
            _Ty=int,
            _Pr=std::less<int>,
            _Alloc=std::allocator<std::pair<const int,int>>
        ]
C:\Program Files\Microsoft Visual Studio\18\Community\VC\Tools\MSVC\14.50.35717\include\xtree(1059): note: ВщПДЖде§дкБрвыЕФКЏЪ§ ФЃАх ЪЕР§ЛЏЁАstd::pair<std::_Tree_node<std::pair<const int,int>,std::_Default_allocator_traits<_Alloc>::void_pointer> *,bool> std::_Tree<std::_Tmap_traits<_Kty,_Ty,_Pr,_Alloc,false>>::_Emplace<unsigned __int64,int&>(unsigned __int64 &&,int &)ЁБЕФв§гУ
        with
        [
            _Alloc=std::allocator<std::pair<const int,int>>,
            _Kty=int,
            _Ty=int,
            _Pr=std::less<int>
        ]
C:\Program Files\Microsoft Visual Studio\18\Community\VC\Tools\MSVC\14.50.35717\include\xtree(1037): note: ВщПДЖде§дкБрвыЕФКЏЪ§ ФЃАх ЪЕР§ЛЏЁАstd::_Tree_temp_node<std::allocator<std::_Tree_node<std::pair<const int,int>,std::_Default_allocator_traits<_Alloc>::void_pointer>>>::_Tree_temp_node<_Ty,int&>(_Alnode &,std::_Tree_node<std::pair<const int,int>,std::_Default_allocator_traits<_Alloc>::void_pointer> *,_Ty &&,int &)ЁБЕФв§гУ
        with
        [
            _Alloc=std::allocator<std::pair<const int,int>>,
            _Ty=size_t,
            _Alnode=std::allocator<std::_Tree_node<std::pair<const int,int>,std::_Default_allocator_traits<std::allocator<std::pair<const int,int>>>::void_pointer>>
        ]
C:\Program Files\Microsoft Visual Studio\18\Community\VC\Tools\MSVC\14.50.35717\include\xtree(841): note: ВщПДЖде§дкБрвыЕФКЏЪ§ ФЃАх ЪЕР§ЛЏЁАvoid std::_Default_allocator_traits<_Alloc>::construct<_Ty,unsigned __int64,int&>(_Alloc &,_Objty *const ,unsigned __int64 &&,int &)ЁБЕФв§гУ
        with
        [
            _Alloc=std::allocator<std::_Tree_node<std::pair<const int,int>,std::_Default_allocator_traits<std::allocator<std::pair<const int,int>>>::void_pointer>>,
            _Ty=std::pair<const int,int>,
            _Objty=std::pair<const int,int>
        ]
C:\Program Files\Microsoft Visual Studio\18\Community\VC\Tools\MSVC\14.50.35717\include\xmemory(736): note: ВщПДЖде§дкБрвыЕФКЏЪ§ ФЃАх ЪЕР§ЛЏЁАstd::pair<const int,int>::pair<_Ty,int&,0>(_Other1 &&,_Other2) noexceptЁБЕФв§гУ
        with
        [
            _Ty=size_t,
            _Other1=size_t,
            _Other2=int &
        ]
C:\Program Files\Microsoft Visual Studio\18\Community\VC\Tools\MSVC\14.50.35717\include\utility(303): warning C4267: ЁАГѕЪМЛЏЁБ: ДгЁАsize_tЁБзЊЛЛЕНЁА_Ty1ЁБЃЌПЩФмЖЊЪЇЪ§Он
        with
        [
            _Ty1=const int
        ]
C:\Program Files\Microsoft Visual Studio\18\Community\VC\Tools\MSVC\14.50.35717\include\utility(303): note: ФЃАхЪЕР§ЛЏЩЯЯТЮФ(зюдчЕФЪЕР§ЛЏЩЯЯТЮФ)ЮЊ
E:\ai\3DPrinter_Qt6\third_party\OrcaSlicer\src\libslic3r\Model.cpp(610): note: ВщПДЖде§дкБрвыЕФКЏЪ§ ФЃАх ЪЕР§ЛЏЁАstd::pair<std::_Tree_iterator<std::_Tree_val<std::_Tree_simple_types<std::pair<const int,int>>>>,bool> std::map<int,int,std::less<int>,std::allocator<std::pair<const int,int>>>::insert<std::pair<unsigned __int64,int>,0>(_Valty &&)ЁБЕФв§гУ
        with
        [
            _Valty=std::pair<unsigned __int64,int>
        ]
E:\ai\3DPrinter_Qt6\third_party\OrcaSlicer\src\libslic3r\Model.cpp(610): note: ЧыВЮдФ "Slic3r::Model::get_object_backup_id" жаЖд "std::map<int,int,std::less<int>,std::allocator<std::pair<const int,int>>>::insert" ЕФЕквЛИів§гУ
C:\Program Files\Microsoft Visual Studio\18\Community\VC\Tools\MSVC\14.50.35717\include\map(186): note: ВщПДЖде§дкБрвыЕФКЏЪ§ ФЃАх ЪЕР§ЛЏЁАstd::pair<std::_Tree_iterator<std::_Tree_val<std::_Tree_simple_types<std::pair<const int,int>>>>,bool> std::_Tree<std::_Tmap_traits<_Kty,_Ty,_Pr,_Alloc,false>>::emplace<std::pair<unsigned __int64,int>>(std::pair<unsigned __int64,int> &&)ЁБЕФв§гУ
        with
        [
            _Kty=int,
            _Ty=int,
            _Pr=std::less<int>,
            _Alloc=std::allocator<std::pair<const int,int>>
        ]
C:\Program Files\Microsoft Visual Studio\18\Community\VC\Tools\MSVC\14.50.35717\include\xtree(1059): note: ВщПДЖде§дкБрвыЕФКЏЪ§ ФЃАх ЪЕР§ЛЏЁАstd::pair<std::_Tree_node<std::pair<const int,int>,std::_Default_allocator_traits<_Alloc>::void_pointer> *,bool> std::_Tree<std::_Tmap_traits<_Kty,_Ty,_Pr,_Alloc,false>>::_Emplace<std::pair<unsigned __int64,int>>(std::pair<unsigned __int64,int> &&)ЁБЕФв§гУ
        with
        [
            _Alloc=std::allocator<std::pair<const int,int>>,
            _Kty=int,
            _Ty=int,
            _Pr=std::less<int>
        ]
C:\Program Files\Microsoft Visual Studio\18\Community\VC\Tools\MSVC\14.50.35717\include\xtree(1037): note: ВщПДЖде§дкБрвыЕФКЏЪ§ ФЃАх ЪЕР§ЛЏЁАstd::_Tree_temp_node<std::allocator<std::_Tree_node<std::pair<const int,int>,std::_Default_allocator_traits<_Alloc>::void_pointer>>>::_Tree_temp_node<_Ty>(_Alnode &,std::_Tree_node<std::pair<const int,int>,std::_Default_allocator_traits<_Alloc>::void_pointer> *,_Ty &&)ЁБЕФв§гУ
        with
        [
            _Alloc=std::allocator<std::pair<const int,int>>,
            _Ty=std::pair<unsigned __int64,int>,
            _Alnode=std::allocator<std::_Tree_node<std::pair<const int,int>,std::_Default_allocator_traits<std::allocator<std::pair<const int,int>>>::void_pointer>>
        ]
C:\Program Files\Microsoft Visual Studio\18\Community\VC\Tools\MSVC\14.50.35717\include\xtree(841): note: ВщПДЖде§дкБрвыЕФКЏЪ§ ФЃАх ЪЕР§ЛЏЁАvoid std::_Default_allocator_traits<_Alloc>::construct<_Ty,std::pair<unsigned __int64,int>>(_Alloc &,_Objty *const ,std::pair<unsigned __int64,int> &&)ЁБЕФв§гУ
        with
        [
            _Alloc=std::allocator<std::_Tree_node<std::pair<const int,int>,std::_Default_allocator_traits<std::allocator<std::pair<const int,int>>>::void_pointer>>,
            _Ty=std::pair<const int,int>,
            _Objty=std::pair<const int,int>
        ]
C:\Program Files\Microsoft Visual Studio\18\Community\VC\Tools\MSVC\14.50.35717\include\xmemory(736): note: ВщПДЖде§дкБрвыЕФКЏЪ§ ФЃАх ЪЕР§ЛЏЁАstd::pair<const int,int>::pair<unsigned __int64,int,0>(std::pair<unsigned __int64,int> &&) noexceptЁБЕФв§гУ
ninja: build stopped: subcommand failed.
